CRITICAL - 2023-06-22 17:31:22 --> Updates are not allowed unless they contain a "where" or "like" clause.
in SYSTEMPATH\Model.php on line 391.
 1 SYSTEMPATH\BaseModel.php(943): CodeIgniter\Model->doUpdate(null, [...])
 2 SYSTEMPATH\Model.php(756): CodeIgniter\BaseModel->update(null, [...])
 3 APPPATH\Controllers\Especialista.php(118): CodeIgniter\Model->update(null, [...])
 4 SYSTEMPATH\CodeIgniter.php(934): App\Controllers\Especialista->actualizar()
 5 SYSTEMPATH\CodeIgniter.php(499): CodeIgniter\CodeIgniter->runController(Object(App\Controllers\Especialista))
 6 SYSTEMPATH\CodeIgniter.php(368): CodeIgniter\CodeIgniter->handleRequest(null, Object(Config\Cache), false)
 7 FCPATH\index.php(67): CodeIgniter\CodeIgniter->run()
CRITICAL - 2023-06-22 17:31:28 --> Updates are not allowed unless they contain a "where" or "like" clause.
in SYSTEMPATH\Model.php on line 391.
 1 SYSTEMPATH\BaseModel.php(943): CodeIgniter\Model->doUpdate(null, [...])
 2 SYSTEMPATH\Model.php(756): CodeIgniter\BaseModel->update(null, [...])
 3 APPPATH\Controllers\Especialista.php(118): CodeIgniter\Model->update(null, [...])
 4 SYSTEMPATH\CodeIgniter.php(934): App\Controllers\Especialista->actualizar()
 5 SYSTEMPATH\CodeIgniter.php(499): CodeIgniter\CodeIgniter->runController(Object(App\Controllers\Especialista))
 6 SYSTEMPATH\CodeIgniter.php(368): CodeIgniter\CodeIgniter->handleRequest(null, Object(Config\Cache), false)
 7 FCPATH\index.php(67): CodeIgniter\CodeIgniter->run()
CRITICAL - 2023-06-22 17:31:32 --> Trying to get property 'usuario_idusuario' of non-object
in APPPATH\Controllers\Especialista.php on line 101.
 1 APPPATH\Controllers\Especialista.php(101): CodeIgniter\Debug\Exceptions->errorHandler(8, 'Trying to get property \'usuario_idusuario\' of non-object', 'C:\\xampp\\htdocs\\siera\\app\\Controllers\\Especialista.php', 101, [...])
 2 SYSTEMPATH\CodeIgniter.php(934): App\Controllers\Especialista->actualizar()
 3 SYSTEMPATH\CodeIgniter.php(499): CodeIgniter\CodeIgniter->runController(Object(App\Controllers\Especialista))
 4 SYSTEMPATH\CodeIgniter.php(368): CodeIgniter\CodeIgniter->handleRequest(null, Object(Config\Cache), false)
 5 FCPATH\index.php(67): CodeIgniter\CodeIgniter->run()
