CRITICAL - 2023-06-09 20:59:50 --> syntax error, unexpected ';', expecting ')'
in APPPATH\Views\login\login.php on line 20.
 1 SYSTEMPATH\View\View.php(216): CodeIgniter\View\View->CodeIgniter\View\{closure}()
 2 SYSTEMPATH\Common.php(1184): CodeIgniter\View\View->render('login/login', [], true)
 3 APPPATH\Controllers\LoginController.php(9): view('login/login')
 4 SYSTEMPATH\CodeIgniter.php(934): App\Controllers\LoginController->login()
 5 SYSTEMPATH\CodeIgniter.php(499): CodeIgniter\CodeIgniter->runController(Object(App\Controllers\LoginController))
 6 SYSTEMPATH\CodeIgniter.php(368): CodeIgniter\CodeIgniter->handleRequest(null, Object(Config\Cache), false)
 7 FCPATH\index.php(67): CodeIgniter\CodeIgniter->run()
CRITICAL - 2023-06-09 20:59:57 --> syntax error, unexpected ';', expecting ')'
in APPPATH\Views\login\login.php on line 20.
 1 SYSTEMPATH\View\View.php(216): CodeIgniter\View\View->CodeIgniter\View\{closure}()
 2 SYSTEMPATH\Common.php(1184): CodeIgniter\View\View->render('login/login', [], true)
 3 APPPATH\Controllers\LoginController.php(9): view('login/login')
 4 SYSTEMPATH\CodeIgniter.php(934): App\Controllers\LoginController->login()
 5 SYSTEMPATH\CodeIgniter.php(499): CodeIgniter\CodeIgniter->runController(Object(App\Controllers\LoginController))
 6 SYSTEMPATH\CodeIgniter.php(368): CodeIgniter\CodeIgniter->handleRequest(null, Object(Config\Cache), false)
 7 FCPATH\index.php(67): CodeIgniter\CodeIgniter->run()
CRITICAL - 2023-06-09 21:00:43 --> syntax error, unexpected ';', expecting ')'
in APPPATH\Views\login\login.php on line 20.
 1 SYSTEMPATH\View\View.php(216): CodeIgniter\View\View->CodeIgniter\View\{closure}()
 2 SYSTEMPATH\Common.php(1184): CodeIgniter\View\View->render('login/login', [], true)
 3 APPPATH\Controllers\LoginController.php(9): view('login/login')
 4 SYSTEMPATH\CodeIgniter.php(934): App\Controllers\LoginController->login()
 5 SYSTEMPATH\CodeIgniter.php(499): CodeIgniter\CodeIgniter->runController(Object(App\Controllers\LoginController))
 6 SYSTEMPATH\CodeIgniter.php(368): CodeIgniter\CodeIgniter->handleRequest(null, Object(Config\Cache), false)
 7 FCPATH\index.php(67): CodeIgniter\CodeIgniter->run()
CRITICAL - 2023-06-09 21:14:31 --> syntax error, unexpected ';', expecting ')'
in APPPATH\Views\login\login.php on line 205.
 1 SYSTEMPATH\View\View.php(216): CodeIgniter\View\View->CodeIgniter\View\{closure}()
 2 SYSTEMPATH\Common.php(1184): CodeIgniter\View\View->render('login/login', [], true)
 3 APPPATH\Controllers\LoginController.php(9): view('login/login')
 4 SYSTEMPATH\CodeIgniter.php(934): App\Controllers\LoginController->login()
 5 SYSTEMPATH\CodeIgniter.php(499): CodeIgniter\CodeIgniter->runController(Object(App\Controllers\LoginController))
 6 SYSTEMPATH\CodeIgniter.php(368): CodeIgniter\CodeIgniter->handleRequest(null, Object(Config\Cache), false)
 7 FCPATH\index.php(67): CodeIgniter\CodeIgniter->run()
CRITICAL - 2023-06-09 21:14:48 --> syntax error, unexpected ';', expecting ')'
in APPPATH\Views\login\login.php on line 205.
 1 SYSTEMPATH\View\View.php(216): CodeIgniter\View\View->CodeIgniter\View\{closure}()
 2 SYSTEMPATH\Common.php(1184): CodeIgniter\View\View->render('login/login', [], true)
 3 APPPATH\Controllers\LoginController.php(9): view('login/login')
 4 SYSTEMPATH\CodeIgniter.php(934): App\Controllers\LoginController->login()
 5 SYSTEMPATH\CodeIgniter.php(499): CodeIgniter\CodeIgniter->runController(Object(App\Controllers\LoginController))
 6 SYSTEMPATH\CodeIgniter.php(368): CodeIgniter\CodeIgniter->handleRequest(null, Object(Config\Cache), false)
 7 FCPATH\index.php(67): CodeIgniter\CodeIgniter->run()
CRITICAL - 2023-06-09 21:14:54 --> syntax error, unexpected ';', expecting ')'
in APPPATH\Views\login\login.php on line 205.
 1 SYSTEMPATH\View\View.php(216): CodeIgniter\View\View->CodeIgniter\View\{closure}()
 2 SYSTEMPATH\Common.php(1184): CodeIgniter\View\View->render('login/login', [], true)
 3 APPPATH\Controllers\LoginController.php(9): view('login/login')
 4 SYSTEMPATH\CodeIgniter.php(934): App\Controllers\LoginController->login()
 5 SYSTEMPATH\CodeIgniter.php(499): CodeIgniter\CodeIgniter->runController(Object(App\Controllers\LoginController))
 6 SYSTEMPATH\CodeIgniter.php(368): CodeIgniter\CodeIgniter->handleRequest(null, Object(Config\Cache), false)
 7 FCPATH\index.php(67): CodeIgniter\CodeIgniter->run()
