ERROR - 2023-06-14 15:23:43 --> mysqli_sql_exception: Duplicate entry '4760422' for key 'PRIMARY' in C:\xampp\htdocs\siera\vendor\codeigniter4\framework\system\Database\MySQLi\Connection.php:295
Stack trace:
#0 C:\xampp\htdocs\siera\vendor\codeigniter4\framework\system\Database\MySQLi\Connection.php(295): mysqli->query('INSERT INTO `ii...', 0)
#1 C:\xampp\htdocs\siera\vendor\codeigniter4\framework\system\Database\BaseConnection.php(692): CodeIgniter\Database\MySQLi\Connection->execute('INSERT INTO `ii...')
#2 C:\xampp\htdocs\siera\vendor\codeigniter4\framework\system\Database\BaseConnection.php(606): CodeIgniter\Database\BaseConnection->simpleQuery('INSERT INTO `ii...')
#3 C:\xampp\htdocs\siera\vendor\codeigniter4\framework\system\Database\BaseBuilder.php(2309): CodeIgniter\Database\BaseConnection->query('INSERT INTO `ii...', Array, false)
#4 C:\xampp\htdocs\siera\vendor\codeigniter4\framework\system\Model.php(330): CodeIgniter\Database\BaseBuilder->insert()
#5 C:\xampp\htdocs\siera\vendor\codeigniter4\framework\system\BaseModel.php(782): CodeIgniter\Model->doInsert(Array)
#6 C:\xampp\htdocs\siera\vendor\codeigniter4\framework\system\Model.php(730): CodeIgniter\BaseModel->insert(Array, true)
#7 C:\xampp\htdocs\siera\app\Controllers\IieeController.php(45): CodeIgniter\Model->insert(Array)
#8 C:\xampp\htdocs\siera\vendor\codeigniter4\framework\system\CodeIgniter.php(934): App\Controllers\IieeController->registrar()
#9 C:\xampp\htdocs\siera\vendor\codeigniter4\framework\system\CodeIgniter.php(499): CodeIgniter\CodeIgniter->runController(Object(App\Controllers\IieeController))
#10 C:\xampp\htdocs\siera\vendor\codeigniter4\framework\system\CodeIgniter.php(368): CodeIgniter\CodeIgniter->handleRequest(NULL, Object(Config\Cache), false)
#11 C:\xampp\htdocs\siera\public\index.php(67): CodeIgniter\CodeIgniter->run()
#12 {main}
CRITICAL - 2023-06-14 15:23:43 --> Duplicate entry '4760422' for key 'PRIMARY'
in SYSTEMPATH\Database\MySQLi\Connection.php on line 295.
 1 SYSTEMPATH\Database\MySQLi\Connection.php(295): mysqli->query('INSERT INTO `iiee` (`cod_modular`, `cod_local`, `nombre`, `nivel`, `gestion`, `direccion`, `centro_poblado`, `area_geografica`, `id_provincia`, `id_distrito`, `id_ugel`, `fecha_registro`) VALUES (\'4760422\', \'csacsa\', \'editado\', \'primaria\', \'rural\', \'direccion\', \'pueblo\', \'sssssssssssssssssss\', \'1\', \'1\', \'1\', \'2023-06-14 15:23:43\')', 0)
 2 SYSTEMPATH\Database\BaseConnection.php(692): CodeIgniter\Database\MySQLi\Connection->execute('INSERT INTO `iiee` (`cod_modular`, `cod_local`, `nombre`, `nivel`, `gestion`, `direccion`, `centro_poblado`, `area_geografica`, `id_provincia`, `id_distrito`, `id_ugel`, `fecha_registro`) VALUES (\'4760422\', \'csacsa\', \'editado\', \'primaria\', \'rural\', \'direccion\', \'pueblo\', \'sssssssssssssssssss\', \'1\', \'1\', \'1\', \'2023-06-14 15:23:43\')')
 3 SYSTEMPATH\Database\BaseConnection.php(606): CodeIgniter\Database\BaseConnection->simpleQuery('INSERT INTO `iiee` (`cod_modular`, `cod_local`, `nombre`, `nivel`, `gestion`, `direccion`, `centro_poblado`, `area_geografica`, `id_provincia`, `id_distrito`, `id_ugel`, `fecha_registro`) VALUES (\'4760422\', \'csacsa\', \'editado\', \'primaria\', \'rural\', \'direccion\', \'pueblo\', \'sssssssssssssssssss\', \'1\', \'1\', \'1\', \'2023-06-14 15:23:43\')')
 4 SYSTEMPATH\Database\BaseBuilder.php(2309): CodeIgniter\Database\BaseConnection->query('INSERT INTO `iiee` (`cod_modular`, `cod_local`, `nombre`, `nivel`, `gestion`, `direccion`, `centro_poblado`, `area_geografica`, `id_provincia`, `id_distrito`, `id_ugel`, `fecha_registro`) VALUES (:cod_modular:, :cod_local:, :nombre:, :nivel:, :gestion:, :direccion:, :centro_poblado:, :area_geografica:, :id_provincia:, :id_distrito:, :id_ugel:, :fecha_registro:)', [...], false)
 5 SYSTEMPATH\Model.php(330): CodeIgniter\Database\BaseBuilder->insert()
 6 SYSTEMPATH\BaseModel.php(782): CodeIgniter\Model->doInsert([...])
 7 SYSTEMPATH\Model.php(730): CodeIgniter\BaseModel->insert([...], true)
 8 APPPATH\Controllers\IieeController.php(45): CodeIgniter\Model->insert([...])
 9 SYSTEMPATH\CodeIgniter.php(934): App\Controllers\IieeController->registrar()
10 SYSTEMPATH\CodeIgniter.php(499): CodeIgniter\CodeIgniter->runController(Object(App\Controllers\IieeController))
11 SYSTEMPATH\CodeIgniter.php(368): CodeIgniter\CodeIgniter->handleRequest(null, Object(Config\Cache), false)
12 FCPATH\index.php(67): CodeIgniter\CodeIgniter->run()
ERROR - 2023-06-14 16:02:22 --> mysqli_sql_exception: Duplicate entry '123' for key 'PRIMARY' in C:\xampp\htdocs\siera\vendor\codeigniter4\framework\system\Database\MySQLi\Connection.php:295
Stack trace:
#0 C:\xampp\htdocs\siera\vendor\codeigniter4\framework\system\Database\MySQLi\Connection.php(295): mysqli->query('INSERT INTO `ii...', 0)
#1 C:\xampp\htdocs\siera\vendor\codeigniter4\framework\system\Database\BaseConnection.php(692): CodeIgniter\Database\MySQLi\Connection->execute('INSERT INTO `ii...')
#2 C:\xampp\htdocs\siera\vendor\codeigniter4\framework\system\Database\BaseConnection.php(606): CodeIgniter\Database\BaseConnection->simpleQuery('INSERT INTO `ii...')
#3 C:\xampp\htdocs\siera\vendor\codeigniter4\framework\system\Database\BaseBuilder.php(2309): CodeIgniter\Database\BaseConnection->query('INSERT INTO `ii...', Array, false)
#4 C:\xampp\htdocs\siera\vendor\codeigniter4\framework\system\Model.php(330): CodeIgniter\Database\BaseBuilder->insert()
#5 C:\xampp\htdocs\siera\vendor\codeigniter4\framework\system\BaseModel.php(782): CodeIgniter\Model->doInsert(Array)
#6 C:\xampp\htdocs\siera\vendor\codeigniter4\framework\system\Model.php(730): CodeIgniter\BaseModel->insert(Array, true)
#7 C:\xampp\htdocs\siera\app\Controllers\IieeController.php(41): CodeIgniter\Model->insert(Array)
#8 C:\xampp\htdocs\siera\vendor\codeigniter4\framework\system\CodeIgniter.php(934): App\Controllers\IieeController->registrar()
#9 C:\xampp\htdocs\siera\vendor\codeigniter4\framework\system\CodeIgniter.php(499): CodeIgniter\CodeIgniter->runController(Object(App\Controllers\IieeController))
#10 C:\xampp\htdocs\siera\vendor\codeigniter4\framework\system\CodeIgniter.php(368): CodeIgniter\CodeIgniter->handleRequest(NULL, Object(Config\Cache), false)
#11 C:\xampp\htdocs\siera\public\index.php(67): CodeIgniter\CodeIgniter->run()
#12 {main}
CRITICAL - 2023-06-14 16:02:23 --> Duplicate entry '123' for key 'PRIMARY'
in SYSTEMPATH\Database\MySQLi\Connection.php on line 295.
 1 SYSTEMPATH\Database\MySQLi\Connection.php(295): mysqli->query('INSERT INTO `iiee` (`cod_modular`, `cod_local`, `nombre`, `nivel`, `gestion`, `direccion`, `centro_poblado`, `area_geografica`, `id_provincia`, `id_distrito`, `id_ugel`, `fecha_registro`) VALUES (\'123\', \'03001\', \'nombre cambiado x2\', \'\', \'\', \'Prolongación Cusco Lote 5\', \'\', \'\', \'1\', \'\', \'\', \'2023-06-14 16:02:22\')', 0)
 2 SYSTEMPATH\Database\BaseConnection.php(692): CodeIgniter\Database\MySQLi\Connection->execute('INSERT INTO `iiee` (`cod_modular`, `cod_local`, `nombre`, `nivel`, `gestion`, `direccion`, `centro_poblado`, `area_geografica`, `id_provincia`, `id_distrito`, `id_ugel`, `fecha_registro`) VALUES (\'123\', \'03001\', \'nombre cambiado x2\', \'\', \'\', \'Prolongación Cusco Lote 5\', \'\', \'\', \'1\', \'\', \'\', \'2023-06-14 16:02:22\')')
 3 SYSTEMPATH\Database\BaseConnection.php(606): CodeIgniter\Database\BaseConnection->simpleQuery('INSERT INTO `iiee` (`cod_modular`, `cod_local`, `nombre`, `nivel`, `gestion`, `direccion`, `centro_poblado`, `area_geografica`, `id_provincia`, `id_distrito`, `id_ugel`, `fecha_registro`) VALUES (\'123\', \'03001\', \'nombre cambiado x2\', \'\', \'\', \'Prolongación Cusco Lote 5\', \'\', \'\', \'1\', \'\', \'\', \'2023-06-14 16:02:22\')')
 4 SYSTEMPATH\Database\BaseBuilder.php(2309): CodeIgniter\Database\BaseConnection->query('INSERT INTO `iiee` (`cod_modular`, `cod_local`, `nombre`, `nivel`, `gestion`, `direccion`, `centro_poblado`, `area_geografica`, `id_provincia`, `id_distrito`, `id_ugel`, `fecha_registro`) VALUES (:cod_modular:, :cod_local:, :nombre:, :nivel:, :gestion:, :direccion:, :centro_poblado:, :area_geografica:, :id_provincia:, :id_distrito:, :id_ugel:, :fecha_registro:)', [...], false)
 5 SYSTEMPATH\Model.php(330): CodeIgniter\Database\BaseBuilder->insert()
 6 SYSTEMPATH\BaseModel.php(782): CodeIgniter\Model->doInsert([...])
 7 SYSTEMPATH\Model.php(730): CodeIgniter\BaseModel->insert([...], true)
 8 APPPATH\Controllers\IieeController.php(41): CodeIgniter\Model->insert([...])
 9 SYSTEMPATH\CodeIgniter.php(934): App\Controllers\IieeController->registrar()
10 SYSTEMPATH\CodeIgniter.php(499): CodeIgniter\CodeIgniter->runController(Object(App\Controllers\IieeController))
11 SYSTEMPATH\CodeIgniter.php(368): CodeIgniter\CodeIgniter->handleRequest(null, Object(Config\Cache), false)
12 FCPATH\index.php(67): CodeIgniter\CodeIgniter->run()
ERROR - 2023-06-14 16:04:28 --> mysqli_sql_exception: Duplicate entry '123' for key 'PRIMARY' in C:\xampp\htdocs\siera\vendor\codeigniter4\framework\system\Database\MySQLi\Connection.php:295
Stack trace:
#0 C:\xampp\htdocs\siera\vendor\codeigniter4\framework\system\Database\MySQLi\Connection.php(295): mysqli->query('INSERT INTO `ii...', 0)
#1 C:\xampp\htdocs\siera\vendor\codeigniter4\framework\system\Database\BaseConnection.php(692): CodeIgniter\Database\MySQLi\Connection->execute('INSERT INTO `ii...')
#2 C:\xampp\htdocs\siera\vendor\codeigniter4\framework\system\Database\BaseConnection.php(606): CodeIgniter\Database\BaseConnection->simpleQuery('INSERT INTO `ii...')
#3 C:\xampp\htdocs\siera\vendor\codeigniter4\framework\system\Database\BaseBuilder.php(2309): CodeIgniter\Database\BaseConnection->query('INSERT INTO `ii...', Array, false)
#4 C:\xampp\htdocs\siera\vendor\codeigniter4\framework\system\Model.php(330): CodeIgniter\Database\BaseBuilder->insert()
#5 C:\xampp\htdocs\siera\vendor\codeigniter4\framework\system\BaseModel.php(782): CodeIgniter\Model->doInsert(Array)
#6 C:\xampp\htdocs\siera\vendor\codeigniter4\framework\system\Model.php(730): CodeIgniter\BaseModel->insert(Array, true)
#7 C:\xampp\htdocs\siera\app\Controllers\IieeController.php(41): CodeIgniter\Model->insert(Array)
#8 C:\xampp\htdocs\siera\vendor\codeigniter4\framework\system\CodeIgniter.php(934): App\Controllers\IieeController->registrar()
#9 C:\xampp\htdocs\siera\vendor\codeigniter4\framework\system\CodeIgniter.php(499): CodeIgniter\CodeIgniter->runController(Object(App\Controllers\IieeController))
#10 C:\xampp\htdocs\siera\vendor\codeigniter4\framework\system\CodeIgniter.php(368): CodeIgniter\CodeIgniter->handleRequest(NULL, Object(Config\Cache), false)
#11 C:\xampp\htdocs\siera\public\index.php(67): CodeIgniter\CodeIgniter->run()
#12 {main}
CRITICAL - 2023-06-14 16:04:28 --> Duplicate entry '123' for key 'PRIMARY'
in SYSTEMPATH\Database\MySQLi\Connection.php on line 295.
 1 SYSTEMPATH\Database\MySQLi\Connection.php(295): mysqli->query('INSERT INTO `iiee` (`cod_modular`, `cod_local`, `nombre`, `nivel`, `gestion`, `direccion`, `centro_poblado`, `area_geografica`, `id_provincia`, `id_distrito`, `id_ugel`, `fecha_registro`) VALUES (\'123\', \'03001\', \'nombre cambiado x2\', \'\', \'\', \'Prolongación Cusco Lote 5\', \'\', \'\', \'1\', \'\', \'\', \'2023-06-14 16:04:28\')', 0)
 2 SYSTEMPATH\Database\BaseConnection.php(692): CodeIgniter\Database\MySQLi\Connection->execute('INSERT INTO `iiee` (`cod_modular`, `cod_local`, `nombre`, `nivel`, `gestion`, `direccion`, `centro_poblado`, `area_geografica`, `id_provincia`, `id_distrito`, `id_ugel`, `fecha_registro`) VALUES (\'123\', \'03001\', \'nombre cambiado x2\', \'\', \'\', \'Prolongación Cusco Lote 5\', \'\', \'\', \'1\', \'\', \'\', \'2023-06-14 16:04:28\')')
 3 SYSTEMPATH\Database\BaseConnection.php(606): CodeIgniter\Database\BaseConnection->simpleQuery('INSERT INTO `iiee` (`cod_modular`, `cod_local`, `nombre`, `nivel`, `gestion`, `direccion`, `centro_poblado`, `area_geografica`, `id_provincia`, `id_distrito`, `id_ugel`, `fecha_registro`) VALUES (\'123\', \'03001\', \'nombre cambiado x2\', \'\', \'\', \'Prolongación Cusco Lote 5\', \'\', \'\', \'1\', \'\', \'\', \'2023-06-14 16:04:28\')')
 4 SYSTEMPATH\Database\BaseBuilder.php(2309): CodeIgniter\Database\BaseConnection->query('INSERT INTO `iiee` (`cod_modular`, `cod_local`, `nombre`, `nivel`, `gestion`, `direccion`, `centro_poblado`, `area_geografica`, `id_provincia`, `id_distrito`, `id_ugel`, `fecha_registro`) VALUES (:cod_modular:, :cod_local:, :nombre:, :nivel:, :gestion:, :direccion:, :centro_poblado:, :area_geografica:, :id_provincia:, :id_distrito:, :id_ugel:, :fecha_registro:)', [...], false)
 5 SYSTEMPATH\Model.php(330): CodeIgniter\Database\BaseBuilder->insert()
 6 SYSTEMPATH\BaseModel.php(782): CodeIgniter\Model->doInsert([...])
 7 SYSTEMPATH\Model.php(730): CodeIgniter\BaseModel->insert([...], true)
 8 APPPATH\Controllers\IieeController.php(41): CodeIgniter\Model->insert([...])
 9 SYSTEMPATH\CodeIgniter.php(934): App\Controllers\IieeController->registrar()
10 SYSTEMPATH\CodeIgniter.php(499): CodeIgniter\CodeIgniter->runController(Object(App\Controllers\IieeController))
11 SYSTEMPATH\CodeIgniter.php(368): CodeIgniter\CodeIgniter->handleRequest(null, Object(Config\Cache), false)
12 FCPATH\index.php(67): CodeIgniter\CodeIgniter->run()
ERROR - 2023-06-14 16:44:07 --> mysqli_sql_exception: Duplicate entry '6666666' for key 'PRIMARY' in C:\xampp\htdocs\siera\vendor\codeigniter4\framework\system\Database\MySQLi\Connection.php:295
Stack trace:
#0 C:\xampp\htdocs\siera\vendor\codeigniter4\framework\system\Database\MySQLi\Connection.php(295): mysqli->query('INSERT INTO `ii...', 0)
#1 C:\xampp\htdocs\siera\vendor\codeigniter4\framework\system\Database\BaseConnection.php(692): CodeIgniter\Database\MySQLi\Connection->execute('INSERT INTO `ii...')
#2 C:\xampp\htdocs\siera\vendor\codeigniter4\framework\system\Database\BaseConnection.php(606): CodeIgniter\Database\BaseConnection->simpleQuery('INSERT INTO `ii...')
#3 C:\xampp\htdocs\siera\vendor\codeigniter4\framework\system\Database\BaseBuilder.php(2309): CodeIgniter\Database\BaseConnection->query('INSERT INTO `ii...', Array, false)
#4 C:\xampp\htdocs\siera\vendor\codeigniter4\framework\system\Model.php(330): CodeIgniter\Database\BaseBuilder->insert()
#5 C:\xampp\htdocs\siera\vendor\codeigniter4\framework\system\BaseModel.php(782): CodeIgniter\Model->doInsert(Array)
#6 C:\xampp\htdocs\siera\vendor\codeigniter4\framework\system\Model.php(730): CodeIgniter\BaseModel->insert(Array, true)
#7 C:\xampp\htdocs\siera\app\Controllers\IieeController.php(54): CodeIgniter\Model->insert(Array)
#8 C:\xampp\htdocs\siera\vendor\codeigniter4\framework\system\CodeIgniter.php(934): App\Controllers\IieeController->registrar()
#9 C:\xampp\htdocs\siera\vendor\codeigniter4\framework\system\CodeIgniter.php(499): CodeIgniter\CodeIgniter->runController(Object(App\Controllers\IieeController))
#10 C:\xampp\htdocs\siera\vendor\codeigniter4\framework\system\CodeIgniter.php(368): CodeIgniter\CodeIgniter->handleRequest(NULL, Object(Config\Cache), false)
#11 C:\xampp\htdocs\siera\public\index.php(67): CodeIgniter\CodeIgniter->run()
#12 {main}
CRITICAL - 2023-06-14 16:44:07 --> Duplicate entry '6666666' for key 'PRIMARY'
in SYSTEMPATH\Database\MySQLi\Connection.php on line 295.
 1 SYSTEMPATH\Database\MySQLi\Connection.php(295): mysqli->query('INSERT INTO `iiee` (`cod_modular`, `cod_local`, `nombre`, `nivel`, `gestion`, `direccion`, `centro_poblado`, `area_geografica`, `id_provincia`, `id_distrito`, `id_ugel`, `fecha_registro`) VALUES (\'6666666\', \'\', \'sasaas\', \'\', \'\', \'\', \'\', \'\', \'\', \'\', \'\', \'2023-06-14 16:44:07\')', 0)
 2 SYSTEMPATH\Database\BaseConnection.php(692): CodeIgniter\Database\MySQLi\Connection->execute('INSERT INTO `iiee` (`cod_modular`, `cod_local`, `nombre`, `nivel`, `gestion`, `direccion`, `centro_poblado`, `area_geografica`, `id_provincia`, `id_distrito`, `id_ugel`, `fecha_registro`) VALUES (\'6666666\', \'\', \'sasaas\', \'\', \'\', \'\', \'\', \'\', \'\', \'\', \'\', \'2023-06-14 16:44:07\')')
 3 SYSTEMPATH\Database\BaseConnection.php(606): CodeIgniter\Database\BaseConnection->simpleQuery('INSERT INTO `iiee` (`cod_modular`, `cod_local`, `nombre`, `nivel`, `gestion`, `direccion`, `centro_poblado`, `area_geografica`, `id_provincia`, `id_distrito`, `id_ugel`, `fecha_registro`) VALUES (\'6666666\', \'\', \'sasaas\', \'\', \'\', \'\', \'\', \'\', \'\', \'\', \'\', \'2023-06-14 16:44:07\')')
 4 SYSTEMPATH\Database\BaseBuilder.php(2309): CodeIgniter\Database\BaseConnection->query('INSERT INTO `iiee` (`cod_modular`, `cod_local`, `nombre`, `nivel`, `gestion`, `direccion`, `centro_poblado`, `area_geografica`, `id_provincia`, `id_distrito`, `id_ugel`, `fecha_registro`) VALUES (:cod_modular:, :cod_local:, :nombre:, :nivel:, :gestion:, :direccion:, :centro_poblado:, :area_geografica:, :id_provincia:, :id_distrito:, :id_ugel:, :fecha_registro:)', [...], false)
 5 SYSTEMPATH\Model.php(330): CodeIgniter\Database\BaseBuilder->insert()
 6 SYSTEMPATH\BaseModel.php(782): CodeIgniter\Model->doInsert([...])
 7 SYSTEMPATH\Model.php(730): CodeIgniter\BaseModel->insert([...], true)
 8 APPPATH\Controllers\IieeController.php(54): CodeIgniter\Model->insert([...])
 9 SYSTEMPATH\CodeIgniter.php(934): App\Controllers\IieeController->registrar()
10 SYSTEMPATH\CodeIgniter.php(499): CodeIgniter\CodeIgniter->runController(Object(App\Controllers\IieeController))
11 SYSTEMPATH\CodeIgniter.php(368): CodeIgniter\CodeIgniter->handleRequest(null, Object(Config\Cache), false)
12 FCPATH\index.php(67): CodeIgniter\CodeIgniter->run()
ERROR - 2023-06-14 16:44:35 --> mysqli_sql_exception: Duplicate entry '6666666' for key 'PRIMARY' in C:\xampp\htdocs\siera\vendor\codeigniter4\framework\system\Database\MySQLi\Connection.php:295
Stack trace:
#0 C:\xampp\htdocs\siera\vendor\codeigniter4\framework\system\Database\MySQLi\Connection.php(295): mysqli->query('INSERT INTO `ii...', 0)
#1 C:\xampp\htdocs\siera\vendor\codeigniter4\framework\system\Database\BaseConnection.php(692): CodeIgniter\Database\MySQLi\Connection->execute('INSERT INTO `ii...')
#2 C:\xampp\htdocs\siera\vendor\codeigniter4\framework\system\Database\BaseConnection.php(606): CodeIgniter\Database\BaseConnection->simpleQuery('INSERT INTO `ii...')
#3 C:\xampp\htdocs\siera\vendor\codeigniter4\framework\system\Database\BaseBuilder.php(2309): CodeIgniter\Database\BaseConnection->query('INSERT INTO `ii...', Array, false)
#4 C:\xampp\htdocs\siera\vendor\codeigniter4\framework\system\Model.php(330): CodeIgniter\Database\BaseBuilder->insert()
#5 C:\xampp\htdocs\siera\vendor\codeigniter4\framework\system\BaseModel.php(782): CodeIgniter\Model->doInsert(Array)
#6 C:\xampp\htdocs\siera\vendor\codeigniter4\framework\system\Model.php(730): CodeIgniter\BaseModel->insert(Array, true)
#7 C:\xampp\htdocs\siera\app\Controllers\IieeController.php(55): CodeIgniter\Model->insert(Array)
#8 C:\xampp\htdocs\siera\vendor\codeigniter4\framework\system\CodeIgniter.php(934): App\Controllers\IieeController->registrar()
#9 C:\xampp\htdocs\siera\vendor\codeigniter4\framework\system\CodeIgniter.php(499): CodeIgniter\CodeIgniter->runController(Object(App\Controllers\IieeController))
#10 C:\xampp\htdocs\siera\vendor\codeigniter4\framework\system\CodeIgniter.php(368): CodeIgniter\CodeIgniter->handleRequest(NULL, Object(Config\Cache), false)
#11 C:\xampp\htdocs\siera\public\index.php(67): CodeIgniter\CodeIgniter->run()
#12 {main}
CRITICAL - 2023-06-14 16:44:35 --> Duplicate entry '6666666' for key 'PRIMARY'
in SYSTEMPATH\Database\MySQLi\Connection.php on line 295.
 1 SYSTEMPATH\Database\MySQLi\Connection.php(295): mysqli->query('INSERT INTO `iiee` (`cod_modular`, `cod_local`, `nombre`, `nivel`, `gestion`, `direccion`, `centro_poblado`, `area_geografica`, `id_provincia`, `id_distrito`, `id_ugel`, `fecha_registro`) VALUES (\'6666666\', \'\', \'sasaas\', \'\', \'\', \'\', \'\', \'\', \'\', \'\', \'\', \'2023-06-14 16:44:35\')', 0)
 2 SYSTEMPATH\Database\BaseConnection.php(692): CodeIgniter\Database\MySQLi\Connection->execute('INSERT INTO `iiee` (`cod_modular`, `cod_local`, `nombre`, `nivel`, `gestion`, `direccion`, `centro_poblado`, `area_geografica`, `id_provincia`, `id_distrito`, `id_ugel`, `fecha_registro`) VALUES (\'6666666\', \'\', \'sasaas\', \'\', \'\', \'\', \'\', \'\', \'\', \'\', \'\', \'2023-06-14 16:44:35\')')
 3 SYSTEMPATH\Database\BaseConnection.php(606): CodeIgniter\Database\BaseConnection->simpleQuery('INSERT INTO `iiee` (`cod_modular`, `cod_local`, `nombre`, `nivel`, `gestion`, `direccion`, `centro_poblado`, `area_geografica`, `id_provincia`, `id_distrito`, `id_ugel`, `fecha_registro`) VALUES (\'6666666\', \'\', \'sasaas\', \'\', \'\', \'\', \'\', \'\', \'\', \'\', \'\', \'2023-06-14 16:44:35\')')
 4 SYSTEMPATH\Database\BaseBuilder.php(2309): CodeIgniter\Database\BaseConnection->query('INSERT INTO `iiee` (`cod_modular`, `cod_local`, `nombre`, `nivel`, `gestion`, `direccion`, `centro_poblado`, `area_geografica`, `id_provincia`, `id_distrito`, `id_ugel`, `fecha_registro`) VALUES (:cod_modular:, :cod_local:, :nombre:, :nivel:, :gestion:, :direccion:, :centro_poblado:, :area_geografica:, :id_provincia:, :id_distrito:, :id_ugel:, :fecha_registro:)', [...], false)
 5 SYSTEMPATH\Model.php(330): CodeIgniter\Database\BaseBuilder->insert()
 6 SYSTEMPATH\BaseModel.php(782): CodeIgniter\Model->doInsert([...])
 7 SYSTEMPATH\Model.php(730): CodeIgniter\BaseModel->insert([...], true)
 8 APPPATH\Controllers\IieeController.php(55): CodeIgniter\Model->insert([...])
 9 SYSTEMPATH\CodeIgniter.php(934): App\Controllers\IieeController->registrar()
10 SYSTEMPATH\CodeIgniter.php(499): CodeIgniter\CodeIgniter->runController(Object(App\Controllers\IieeController))
11 SYSTEMPATH\CodeIgniter.php(368): CodeIgniter\CodeIgniter->handleRequest(null, Object(Config\Cache), false)
12 FCPATH\index.php(67): CodeIgniter\CodeIgniter->run()
ERROR - 2023-06-14 16:44:44 --> mysqli_sql_exception: Duplicate entry '6666666' for key 'PRIMARY' in C:\xampp\htdocs\siera\vendor\codeigniter4\framework\system\Database\MySQLi\Connection.php:295
Stack trace:
#0 C:\xampp\htdocs\siera\vendor\codeigniter4\framework\system\Database\MySQLi\Connection.php(295): mysqli->query('INSERT INTO `ii...', 0)
#1 C:\xampp\htdocs\siera\vendor\codeigniter4\framework\system\Database\BaseConnection.php(692): CodeIgniter\Database\MySQLi\Connection->execute('INSERT INTO `ii...')
#2 C:\xampp\htdocs\siera\vendor\codeigniter4\framework\system\Database\BaseConnection.php(606): CodeIgniter\Database\BaseConnection->simpleQuery('INSERT INTO `ii...')
#3 C:\xampp\htdocs\siera\vendor\codeigniter4\framework\system\Database\BaseBuilder.php(2309): CodeIgniter\Database\BaseConnection->query('INSERT INTO `ii...', Array, false)
#4 C:\xampp\htdocs\siera\vendor\codeigniter4\framework\system\Model.php(330): CodeIgniter\Database\BaseBuilder->insert()
#5 C:\xampp\htdocs\siera\vendor\codeigniter4\framework\system\BaseModel.php(782): CodeIgniter\Model->doInsert(Array)
#6 C:\xampp\htdocs\siera\vendor\codeigniter4\framework\system\Model.php(730): CodeIgniter\BaseModel->insert(Array, true)
#7 C:\xampp\htdocs\siera\app\Controllers\IieeController.php(55): CodeIgniter\Model->insert(Array)
#8 C:\xampp\htdocs\siera\vendor\codeigniter4\framework\system\CodeIgniter.php(934): App\Controllers\IieeController->registrar()
#9 C:\xampp\htdocs\siera\vendor\codeigniter4\framework\system\CodeIgniter.php(499): CodeIgniter\CodeIgniter->runController(Object(App\Controllers\IieeController))
#10 C:\xampp\htdocs\siera\vendor\codeigniter4\framework\system\CodeIgniter.php(368): CodeIgniter\CodeIgniter->handleRequest(NULL, Object(Config\Cache), false)
#11 C:\xampp\htdocs\siera\public\index.php(67): CodeIgniter\CodeIgniter->run()
#12 {main}
CRITICAL - 2023-06-14 16:44:44 --> Duplicate entry '6666666' for key 'PRIMARY'
in SYSTEMPATH\Database\MySQLi\Connection.php on line 295.
 1 SYSTEMPATH\Database\MySQLi\Connection.php(295): mysqli->query('INSERT INTO `iiee` (`cod_modular`, `cod_local`, `nombre`, `nivel`, `gestion`, `direccion`, `centro_poblado`, `area_geografica`, `id_provincia`, `id_distrito`, `id_ugel`, `fecha_registro`) VALUES (\'6666666\', \'\', \'sasaas\', \'\', \'\', \'\', \'\', \'\', \'\', \'\', \'\', \'2023-06-14 16:44:44\')', 0)
 2 SYSTEMPATH\Database\BaseConnection.php(692): CodeIgniter\Database\MySQLi\Connection->execute('INSERT INTO `iiee` (`cod_modular`, `cod_local`, `nombre`, `nivel`, `gestion`, `direccion`, `centro_poblado`, `area_geografica`, `id_provincia`, `id_distrito`, `id_ugel`, `fecha_registro`) VALUES (\'6666666\', \'\', \'sasaas\', \'\', \'\', \'\', \'\', \'\', \'\', \'\', \'\', \'2023-06-14 16:44:44\')')
 3 SYSTEMPATH\Database\BaseConnection.php(606): CodeIgniter\Database\BaseConnection->simpleQuery('INSERT INTO `iiee` (`cod_modular`, `cod_local`, `nombre`, `nivel`, `gestion`, `direccion`, `centro_poblado`, `area_geografica`, `id_provincia`, `id_distrito`, `id_ugel`, `fecha_registro`) VALUES (\'6666666\', \'\', \'sasaas\', \'\', \'\', \'\', \'\', \'\', \'\', \'\', \'\', \'2023-06-14 16:44:44\')')
 4 SYSTEMPATH\Database\BaseBuilder.php(2309): CodeIgniter\Database\BaseConnection->query('INSERT INTO `iiee` (`cod_modular`, `cod_local`, `nombre`, `nivel`, `gestion`, `direccion`, `centro_poblado`, `area_geografica`, `id_provincia`, `id_distrito`, `id_ugel`, `fecha_registro`) VALUES (:cod_modular:, :cod_local:, :nombre:, :nivel:, :gestion:, :direccion:, :centro_poblado:, :area_geografica:, :id_provincia:, :id_distrito:, :id_ugel:, :fecha_registro:)', [...], false)
 5 SYSTEMPATH\Model.php(330): CodeIgniter\Database\BaseBuilder->insert()
 6 SYSTEMPATH\BaseModel.php(782): CodeIgniter\Model->doInsert([...])
 7 SYSTEMPATH\Model.php(730): CodeIgniter\BaseModel->insert([...], true)
 8 APPPATH\Controllers\IieeController.php(55): CodeIgniter\Model->insert([...])
 9 SYSTEMPATH\CodeIgniter.php(934): App\Controllers\IieeController->registrar()
10 SYSTEMPATH\CodeIgniter.php(499): CodeIgniter\CodeIgniter->runController(Object(App\Controllers\IieeController))
11 SYSTEMPATH\CodeIgniter.php(368): CodeIgniter\CodeIgniter->handleRequest(null, Object(Config\Cache), false)
12 FCPATH\index.php(67): CodeIgniter\CodeIgniter->run()
ERROR - 2023-06-14 16:44:56 --> mysqli_sql_exception: Duplicate entry '6666666' for key 'PRIMARY' in C:\xampp\htdocs\siera\vendor\codeigniter4\framework\system\Database\MySQLi\Connection.php:295
Stack trace:
#0 C:\xampp\htdocs\siera\vendor\codeigniter4\framework\system\Database\MySQLi\Connection.php(295): mysqli->query('INSERT INTO `ii...', 0)
#1 C:\xampp\htdocs\siera\vendor\codeigniter4\framework\system\Database\BaseConnection.php(692): CodeIgniter\Database\MySQLi\Connection->execute('INSERT INTO `ii...')
#2 C:\xampp\htdocs\siera\vendor\codeigniter4\framework\system\Database\BaseConnection.php(606): CodeIgniter\Database\BaseConnection->simpleQuery('INSERT INTO `ii...')
#3 C:\xampp\htdocs\siera\vendor\codeigniter4\framework\system\Database\BaseBuilder.php(2309): CodeIgniter\Database\BaseConnection->query('INSERT INTO `ii...', Array, false)
#4 C:\xampp\htdocs\siera\vendor\codeigniter4\framework\system\Model.php(330): CodeIgniter\Database\BaseBuilder->insert()
#5 C:\xampp\htdocs\siera\vendor\codeigniter4\framework\system\BaseModel.php(782): CodeIgniter\Model->doInsert(Array)
#6 C:\xampp\htdocs\siera\vendor\codeigniter4\framework\system\Model.php(730): CodeIgniter\BaseModel->insert(Array, true)
#7 C:\xampp\htdocs\siera\app\Controllers\IieeController.php(56): CodeIgniter\Model->insert(Array)
#8 C:\xampp\htdocs\siera\vendor\codeigniter4\framework\system\CodeIgniter.php(934): App\Controllers\IieeController->registrar()
#9 C:\xampp\htdocs\siera\vendor\codeigniter4\framework\system\CodeIgniter.php(499): CodeIgniter\CodeIgniter->runController(Object(App\Controllers\IieeController))
#10 C:\xampp\htdocs\siera\vendor\codeigniter4\framework\system\CodeIgniter.php(368): CodeIgniter\CodeIgniter->handleRequest(NULL, Object(Config\Cache), false)
#11 C:\xampp\htdocs\siera\public\index.php(67): CodeIgniter\CodeIgniter->run()
#12 {main}
CRITICAL - 2023-06-14 16:44:56 --> Duplicate entry '6666666' for key 'PRIMARY'
in SYSTEMPATH\Database\MySQLi\Connection.php on line 295.
 1 SYSTEMPATH\Database\MySQLi\Connection.php(295): mysqli->query('INSERT INTO `iiee` (`cod_modular`, `cod_local`, `nombre`, `nivel`, `gestion`, `direccion`, `centro_poblado`, `area_geografica`, `id_provincia`, `id_distrito`, `id_ugel`, `fecha_registro`) VALUES (\'6666666\', \'\', \'sasaas\', \'\', \'\', \'\', \'\', \'\', \'\', \'\', \'\', \'2023-06-14 16:44:56\')', 0)
 2 SYSTEMPATH\Database\BaseConnection.php(692): CodeIgniter\Database\MySQLi\Connection->execute('INSERT INTO `iiee` (`cod_modular`, `cod_local`, `nombre`, `nivel`, `gestion`, `direccion`, `centro_poblado`, `area_geografica`, `id_provincia`, `id_distrito`, `id_ugel`, `fecha_registro`) VALUES (\'6666666\', \'\', \'sasaas\', \'\', \'\', \'\', \'\', \'\', \'\', \'\', \'\', \'2023-06-14 16:44:56\')')
 3 SYSTEMPATH\Database\BaseConnection.php(606): CodeIgniter\Database\BaseConnection->simpleQuery('INSERT INTO `iiee` (`cod_modular`, `cod_local`, `nombre`, `nivel`, `gestion`, `direccion`, `centro_poblado`, `area_geografica`, `id_provincia`, `id_distrito`, `id_ugel`, `fecha_registro`) VALUES (\'6666666\', \'\', \'sasaas\', \'\', \'\', \'\', \'\', \'\', \'\', \'\', \'\', \'2023-06-14 16:44:56\')')
 4 SYSTEMPATH\Database\BaseBuilder.php(2309): CodeIgniter\Database\BaseConnection->query('INSERT INTO `iiee` (`cod_modular`, `cod_local`, `nombre`, `nivel`, `gestion`, `direccion`, `centro_poblado`, `area_geografica`, `id_provincia`, `id_distrito`, `id_ugel`, `fecha_registro`) VALUES (:cod_modular:, :cod_local:, :nombre:, :nivel:, :gestion:, :direccion:, :centro_poblado:, :area_geografica:, :id_provincia:, :id_distrito:, :id_ugel:, :fecha_registro:)', [...], false)
 5 SYSTEMPATH\Model.php(330): CodeIgniter\Database\BaseBuilder->insert()
 6 SYSTEMPATH\BaseModel.php(782): CodeIgniter\Model->doInsert([...])
 7 SYSTEMPATH\Model.php(730): CodeIgniter\BaseModel->insert([...], true)
 8 APPPATH\Controllers\IieeController.php(56): CodeIgniter\Model->insert([...])
 9 SYSTEMPATH\CodeIgniter.php(934): App\Controllers\IieeController->registrar()
10 SYSTEMPATH\CodeIgniter.php(499): CodeIgniter\CodeIgniter->runController(Object(App\Controllers\IieeController))
11 SYSTEMPATH\CodeIgniter.php(368): CodeIgniter\CodeIgniter->handleRequest(null, Object(Config\Cache), false)
12 FCPATH\index.php(67): CodeIgniter\CodeIgniter->run()
ERROR - 2023-06-14 16:45:10 --> mysqli_sql_exception: Duplicate entry '6666666' for key 'PRIMARY' in C:\xampp\htdocs\siera\vendor\codeigniter4\framework\system\Database\MySQLi\Connection.php:295
Stack trace:
#0 C:\xampp\htdocs\siera\vendor\codeigniter4\framework\system\Database\MySQLi\Connection.php(295): mysqli->query('INSERT INTO `ii...', 0)
#1 C:\xampp\htdocs\siera\vendor\codeigniter4\framework\system\Database\BaseConnection.php(692): CodeIgniter\Database\MySQLi\Connection->execute('INSERT INTO `ii...')
#2 C:\xampp\htdocs\siera\vendor\codeigniter4\framework\system\Database\BaseConnection.php(606): CodeIgniter\Database\BaseConnection->simpleQuery('INSERT INTO `ii...')
#3 C:\xampp\htdocs\siera\vendor\codeigniter4\framework\system\Database\BaseBuilder.php(2309): CodeIgniter\Database\BaseConnection->query('INSERT INTO `ii...', Array, false)
#4 C:\xampp\htdocs\siera\vendor\codeigniter4\framework\system\Model.php(330): CodeIgniter\Database\BaseBuilder->insert()
#5 C:\xampp\htdocs\siera\vendor\codeigniter4\framework\system\BaseModel.php(782): CodeIgniter\Model->doInsert(Array)
#6 C:\xampp\htdocs\siera\vendor\codeigniter4\framework\system\Model.php(730): CodeIgniter\BaseModel->insert(Array, true)
#7 C:\xampp\htdocs\siera\app\Controllers\IieeController.php(56): CodeIgniter\Model->insert(Array)
#8 C:\xampp\htdocs\siera\vendor\codeigniter4\framework\system\CodeIgniter.php(934): App\Controllers\IieeController->registrar()
#9 C:\xampp\htdocs\siera\vendor\codeigniter4\framework\system\CodeIgniter.php(499): CodeIgniter\CodeIgniter->runController(Object(App\Controllers\IieeController))
#10 C:\xampp\htdocs\siera\vendor\codeigniter4\framework\system\CodeIgniter.php(368): CodeIgniter\CodeIgniter->handleRequest(NULL, Object(Config\Cache), false)
#11 C:\xampp\htdocs\siera\public\index.php(67): CodeIgniter\CodeIgniter->run()
#12 {main}
CRITICAL - 2023-06-14 16:45:10 --> Duplicate entry '6666666' for key 'PRIMARY'
in SYSTEMPATH\Database\MySQLi\Connection.php on line 295.
 1 SYSTEMPATH\Database\MySQLi\Connection.php(295): mysqli->query('INSERT INTO `iiee` (`cod_modular`, `cod_local`, `nombre`, `nivel`, `gestion`, `direccion`, `centro_poblado`, `area_geografica`, `id_provincia`, `id_distrito`, `id_ugel`, `fecha_registro`) VALUES (\'6666666\', \'\', \'sasaas\', \'\', \'\', \'\', \'\', \'\', \'\', \'\', \'\', \'2023-06-14 16:45:10\')', 0)
 2 SYSTEMPATH\Database\BaseConnection.php(692): CodeIgniter\Database\MySQLi\Connection->execute('INSERT INTO `iiee` (`cod_modular`, `cod_local`, `nombre`, `nivel`, `gestion`, `direccion`, `centro_poblado`, `area_geografica`, `id_provincia`, `id_distrito`, `id_ugel`, `fecha_registro`) VALUES (\'6666666\', \'\', \'sasaas\', \'\', \'\', \'\', \'\', \'\', \'\', \'\', \'\', \'2023-06-14 16:45:10\')')
 3 SYSTEMPATH\Database\BaseConnection.php(606): CodeIgniter\Database\BaseConnection->simpleQuery('INSERT INTO `iiee` (`cod_modular`, `cod_local`, `nombre`, `nivel`, `gestion`, `direccion`, `centro_poblado`, `area_geografica`, `id_provincia`, `id_distrito`, `id_ugel`, `fecha_registro`) VALUES (\'6666666\', \'\', \'sasaas\', \'\', \'\', \'\', \'\', \'\', \'\', \'\', \'\', \'2023-06-14 16:45:10\')')
 4 SYSTEMPATH\Database\BaseBuilder.php(2309): CodeIgniter\Database\BaseConnection->query('INSERT INTO `iiee` (`cod_modular`, `cod_local`, `nombre`, `nivel`, `gestion`, `direccion`, `centro_poblado`, `area_geografica`, `id_provincia`, `id_distrito`, `id_ugel`, `fecha_registro`) VALUES (:cod_modular:, :cod_local:, :nombre:, :nivel:, :gestion:, :direccion:, :centro_poblado:, :area_geografica:, :id_provincia:, :id_distrito:, :id_ugel:, :fecha_registro:)', [...], false)
 5 SYSTEMPATH\Model.php(330): CodeIgniter\Database\BaseBuilder->insert()
 6 SYSTEMPATH\BaseModel.php(782): CodeIgniter\Model->doInsert([...])
 7 SYSTEMPATH\Model.php(730): CodeIgniter\BaseModel->insert([...], true)
 8 APPPATH\Controllers\IieeController.php(56): CodeIgniter\Model->insert([...])
 9 SYSTEMPATH\CodeIgniter.php(934): App\Controllers\IieeController->registrar()
10 SYSTEMPATH\CodeIgniter.php(499): CodeIgniter\CodeIgniter->runController(Object(App\Controllers\IieeController))
11 SYSTEMPATH\CodeIgniter.php(368): CodeIgniter\CodeIgniter->handleRequest(null, Object(Config\Cache), false)
12 FCPATH\index.php(67): CodeIgniter\CodeIgniter->run()
ERROR - 2023-06-14 16:45:29 --> mysqli_sql_exception: Duplicate entry '6666666' for key 'PRIMARY' in C:\xampp\htdocs\siera\vendor\codeigniter4\framework\system\Database\MySQLi\Connection.php:295
Stack trace:
#0 C:\xampp\htdocs\siera\vendor\codeigniter4\framework\system\Database\MySQLi\Connection.php(295): mysqli->query('INSERT INTO `ii...', 0)
#1 C:\xampp\htdocs\siera\vendor\codeigniter4\framework\system\Database\BaseConnection.php(692): CodeIgniter\Database\MySQLi\Connection->execute('INSERT INTO `ii...')
#2 C:\xampp\htdocs\siera\vendor\codeigniter4\framework\system\Database\BaseConnection.php(606): CodeIgniter\Database\BaseConnection->simpleQuery('INSERT INTO `ii...')
#3 C:\xampp\htdocs\siera\vendor\codeigniter4\framework\system\Database\BaseBuilder.php(2309): CodeIgniter\Database\BaseConnection->query('INSERT INTO `ii...', Array, false)
#4 C:\xampp\htdocs\siera\vendor\codeigniter4\framework\system\Model.php(330): CodeIgniter\Database\BaseBuilder->insert()
#5 C:\xampp\htdocs\siera\vendor\codeigniter4\framework\system\BaseModel.php(782): CodeIgniter\Model->doInsert(Array)
#6 C:\xampp\htdocs\siera\vendor\codeigniter4\framework\system\Model.php(730): CodeIgniter\BaseModel->insert(Array, true)
#7 C:\xampp\htdocs\siera\app\Controllers\IieeController.php(57): CodeIgniter\Model->insert(Array)
#8 C:\xampp\htdocs\siera\vendor\codeigniter4\framework\system\CodeIgniter.php(934): App\Controllers\IieeController->registrar()
#9 C:\xampp\htdocs\siera\vendor\codeigniter4\framework\system\CodeIgniter.php(499): CodeIgniter\CodeIgniter->runController(Object(App\Controllers\IieeController))
#10 C:\xampp\htdocs\siera\vendor\codeigniter4\framework\system\CodeIgniter.php(368): CodeIgniter\CodeIgniter->handleRequest(NULL, Object(Config\Cache), false)
#11 C:\xampp\htdocs\siera\public\index.php(67): CodeIgniter\CodeIgniter->run()
#12 {main}
CRITICAL - 2023-06-14 16:45:29 --> Duplicate entry '6666666' for key 'PRIMARY'
in SYSTEMPATH\Database\MySQLi\Connection.php on line 295.
 1 SYSTEMPATH\Database\MySQLi\Connection.php(295): mysqli->query('INSERT INTO `iiee` (`cod_modular`, `cod_local`, `nombre`, `nivel`, `gestion`, `direccion`, `centro_poblado`, `area_geografica`, `id_provincia`, `id_distrito`, `id_ugel`, `fecha_registro`) VALUES (\'6666666\', \'\', \'sasaas\', \'\', \'\', \'\', \'\', \'\', \'\', \'\', \'\', \'2023-06-14 16:45:29\')', 0)
 2 SYSTEMPATH\Database\BaseConnection.php(692): CodeIgniter\Database\MySQLi\Connection->execute('INSERT INTO `iiee` (`cod_modular`, `cod_local`, `nombre`, `nivel`, `gestion`, `direccion`, `centro_poblado`, `area_geografica`, `id_provincia`, `id_distrito`, `id_ugel`, `fecha_registro`) VALUES (\'6666666\', \'\', \'sasaas\', \'\', \'\', \'\', \'\', \'\', \'\', \'\', \'\', \'2023-06-14 16:45:29\')')
 3 SYSTEMPATH\Database\BaseConnection.php(606): CodeIgniter\Database\BaseConnection->simpleQuery('INSERT INTO `iiee` (`cod_modular`, `cod_local`, `nombre`, `nivel`, `gestion`, `direccion`, `centro_poblado`, `area_geografica`, `id_provincia`, `id_distrito`, `id_ugel`, `fecha_registro`) VALUES (\'6666666\', \'\', \'sasaas\', \'\', \'\', \'\', \'\', \'\', \'\', \'\', \'\', \'2023-06-14 16:45:29\')')
 4 SYSTEMPATH\Database\BaseBuilder.php(2309): CodeIgniter\Database\BaseConnection->query('INSERT INTO `iiee` (`cod_modular`, `cod_local`, `nombre`, `nivel`, `gestion`, `direccion`, `centro_poblado`, `area_geografica`, `id_provincia`, `id_distrito`, `id_ugel`, `fecha_registro`) VALUES (:cod_modular:, :cod_local:, :nombre:, :nivel:, :gestion:, :direccion:, :centro_poblado:, :area_geografica:, :id_provincia:, :id_distrito:, :id_ugel:, :fecha_registro:)', [...], false)
 5 SYSTEMPATH\Model.php(330): CodeIgniter\Database\BaseBuilder->insert()
 6 SYSTEMPATH\BaseModel.php(782): CodeIgniter\Model->doInsert([...])
 7 SYSTEMPATH\Model.php(730): CodeIgniter\BaseModel->insert([...], true)
 8 APPPATH\Controllers\IieeController.php(57): CodeIgniter\Model->insert([...])
 9 SYSTEMPATH\CodeIgniter.php(934): App\Controllers\IieeController->registrar()
10 SYSTEMPATH\CodeIgniter.php(499): CodeIgniter\CodeIgniter->runController(Object(App\Controllers\IieeController))
11 SYSTEMPATH\CodeIgniter.php(368): CodeIgniter\CodeIgniter->handleRequest(null, Object(Config\Cache), false)
12 FCPATH\index.php(67): CodeIgniter\CodeIgniter->run()
ERROR - 2023-06-14 16:45:56 --> mysqli_sql_exception: Duplicate entry '6666666' for key 'PRIMARY' in C:\xampp\htdocs\siera\vendor\codeigniter4\framework\system\Database\MySQLi\Connection.php:295
Stack trace:
#0 C:\xampp\htdocs\siera\vendor\codeigniter4\framework\system\Database\MySQLi\Connection.php(295): mysqli->query('INSERT INTO `ii...', 0)
#1 C:\xampp\htdocs\siera\vendor\codeigniter4\framework\system\Database\BaseConnection.php(692): CodeIgniter\Database\MySQLi\Connection->execute('INSERT INTO `ii...')
#2 C:\xampp\htdocs\siera\vendor\codeigniter4\framework\system\Database\BaseConnection.php(606): CodeIgniter\Database\BaseConnection->simpleQuery('INSERT INTO `ii...')
#3 C:\xampp\htdocs\siera\vendor\codeigniter4\framework\system\Database\BaseBuilder.php(2309): CodeIgniter\Database\BaseConnection->query('INSERT INTO `ii...', Array, false)
#4 C:\xampp\htdocs\siera\vendor\codeigniter4\framework\system\Model.php(330): CodeIgniter\Database\BaseBuilder->insert()
#5 C:\xampp\htdocs\siera\vendor\codeigniter4\framework\system\BaseModel.php(782): CodeIgniter\Model->doInsert(Array)
#6 C:\xampp\htdocs\siera\vendor\codeigniter4\framework\system\Model.php(730): CodeIgniter\BaseModel->insert(Array, true)
#7 C:\xampp\htdocs\siera\app\Controllers\IieeController.php(58): CodeIgniter\Model->insert(Array)
#8 C:\xampp\htdocs\siera\vendor\codeigniter4\framework\system\CodeIgniter.php(934): App\Controllers\IieeController->registrar()
#9 C:\xampp\htdocs\siera\vendor\codeigniter4\framework\system\CodeIgniter.php(499): CodeIgniter\CodeIgniter->runController(Object(App\Controllers\IieeController))
#10 C:\xampp\htdocs\siera\vendor\codeigniter4\framework\system\CodeIgniter.php(368): CodeIgniter\CodeIgniter->handleRequest(NULL, Object(Config\Cache), false)
#11 C:\xampp\htdocs\siera\public\index.php(67): CodeIgniter\CodeIgniter->run()
#12 {main}
CRITICAL - 2023-06-14 16:45:56 --> Duplicate entry '6666666' for key 'PRIMARY'
in SYSTEMPATH\Database\MySQLi\Connection.php on line 295.
 1 SYSTEMPATH\Database\MySQLi\Connection.php(295): mysqli->query('INSERT INTO `iiee` (`cod_modular`, `cod_local`, `nombre`, `nivel`, `gestion`, `direccion`, `centro_poblado`, `area_geografica`, `id_provincia`, `id_distrito`, `id_ugel`, `fecha_registro`) VALUES (\'6666666\', \'\', \'sasaas\', \'\', \'\', \'\', \'\', \'\', \'\', \'\', \'\', \'2023-06-14 16:45:56\')', 0)
 2 SYSTEMPATH\Database\BaseConnection.php(692): CodeIgniter\Database\MySQLi\Connection->execute('INSERT INTO `iiee` (`cod_modular`, `cod_local`, `nombre`, `nivel`, `gestion`, `direccion`, `centro_poblado`, `area_geografica`, `id_provincia`, `id_distrito`, `id_ugel`, `fecha_registro`) VALUES (\'6666666\', \'\', \'sasaas\', \'\', \'\', \'\', \'\', \'\', \'\', \'\', \'\', \'2023-06-14 16:45:56\')')
 3 SYSTEMPATH\Database\BaseConnection.php(606): CodeIgniter\Database\BaseConnection->simpleQuery('INSERT INTO `iiee` (`cod_modular`, `cod_local`, `nombre`, `nivel`, `gestion`, `direccion`, `centro_poblado`, `area_geografica`, `id_provincia`, `id_distrito`, `id_ugel`, `fecha_registro`) VALUES (\'6666666\', \'\', \'sasaas\', \'\', \'\', \'\', \'\', \'\', \'\', \'\', \'\', \'2023-06-14 16:45:56\')')
 4 SYSTEMPATH\Database\BaseBuilder.php(2309): CodeIgniter\Database\BaseConnection->query('INSERT INTO `iiee` (`cod_modular`, `cod_local`, `nombre`, `nivel`, `gestion`, `direccion`, `centro_poblado`, `area_geografica`, `id_provincia`, `id_distrito`, `id_ugel`, `fecha_registro`) VALUES (:cod_modular:, :cod_local:, :nombre:, :nivel:, :gestion:, :direccion:, :centro_poblado:, :area_geografica:, :id_provincia:, :id_distrito:, :id_ugel:, :fecha_registro:)', [...], false)
 5 SYSTEMPATH\Model.php(330): CodeIgniter\Database\BaseBuilder->insert()
 6 SYSTEMPATH\BaseModel.php(782): CodeIgniter\Model->doInsert([...])
 7 SYSTEMPATH\Model.php(730): CodeIgniter\BaseModel->insert([...], true)
 8 APPPATH\Controllers\IieeController.php(58): CodeIgniter\Model->insert([...])
 9 SYSTEMPATH\CodeIgniter.php(934): App\Controllers\IieeController->registrar()
10 SYSTEMPATH\CodeIgniter.php(499): CodeIgniter\CodeIgniter->runController(Object(App\Controllers\IieeController))
11 SYSTEMPATH\CodeIgniter.php(368): CodeIgniter\CodeIgniter->handleRequest(null, Object(Config\Cache), false)
12 FCPATH\index.php(67): CodeIgniter\CodeIgniter->run()
ERROR - 2023-06-14 16:46:00 --> mysqli_sql_exception: Duplicate entry '6666666' for key 'PRIMARY' in C:\xampp\htdocs\siera\vendor\codeigniter4\framework\system\Database\MySQLi\Connection.php:295
Stack trace:
#0 C:\xampp\htdocs\siera\vendor\codeigniter4\framework\system\Database\MySQLi\Connection.php(295): mysqli->query('INSERT INTO `ii...', 0)
#1 C:\xampp\htdocs\siera\vendor\codeigniter4\framework\system\Database\BaseConnection.php(692): CodeIgniter\Database\MySQLi\Connection->execute('INSERT INTO `ii...')
#2 C:\xampp\htdocs\siera\vendor\codeigniter4\framework\system\Database\BaseConnection.php(606): CodeIgniter\Database\BaseConnection->simpleQuery('INSERT INTO `ii...')
#3 C:\xampp\htdocs\siera\vendor\codeigniter4\framework\system\Database\BaseBuilder.php(2309): CodeIgniter\Database\BaseConnection->query('INSERT INTO `ii...', Array, false)
#4 C:\xampp\htdocs\siera\vendor\codeigniter4\framework\system\Model.php(330): CodeIgniter\Database\BaseBuilder->insert()
#5 C:\xampp\htdocs\siera\vendor\codeigniter4\framework\system\BaseModel.php(782): CodeIgniter\Model->doInsert(Array)
#6 C:\xampp\htdocs\siera\vendor\codeigniter4\framework\system\Model.php(730): CodeIgniter\BaseModel->insert(Array, true)
#7 C:\xampp\htdocs\siera\app\Controllers\IieeController.php(58): CodeIgniter\Model->insert(Array)
#8 C:\xampp\htdocs\siera\vendor\codeigniter4\framework\system\CodeIgniter.php(934): App\Controllers\IieeController->registrar()
#9 C:\xampp\htdocs\siera\vendor\codeigniter4\framework\system\CodeIgniter.php(499): CodeIgniter\CodeIgniter->runController(Object(App\Controllers\IieeController))
#10 C:\xampp\htdocs\siera\vendor\codeigniter4\framework\system\CodeIgniter.php(368): CodeIgniter\CodeIgniter->handleRequest(NULL, Object(Config\Cache), false)
#11 C:\xampp\htdocs\siera\public\index.php(67): CodeIgniter\CodeIgniter->run()
#12 {main}
CRITICAL - 2023-06-14 16:46:00 --> Duplicate entry '6666666' for key 'PRIMARY'
in SYSTEMPATH\Database\MySQLi\Connection.php on line 295.
 1 SYSTEMPATH\Database\MySQLi\Connection.php(295): mysqli->query('INSERT INTO `iiee` (`cod_modular`, `cod_local`, `nombre`, `nivel`, `gestion`, `direccion`, `centro_poblado`, `area_geografica`, `id_provincia`, `id_distrito`, `id_ugel`, `fecha_registro`) VALUES (\'6666666\', \'\', \'sasaas\', \'\', \'\', \'\', \'\', \'\', \'\', \'\', \'\', \'2023-06-14 16:46:00\')', 0)
 2 SYSTEMPATH\Database\BaseConnection.php(692): CodeIgniter\Database\MySQLi\Connection->execute('INSERT INTO `iiee` (`cod_modular`, `cod_local`, `nombre`, `nivel`, `gestion`, `direccion`, `centro_poblado`, `area_geografica`, `id_provincia`, `id_distrito`, `id_ugel`, `fecha_registro`) VALUES (\'6666666\', \'\', \'sasaas\', \'\', \'\', \'\', \'\', \'\', \'\', \'\', \'\', \'2023-06-14 16:46:00\')')
 3 SYSTEMPATH\Database\BaseConnection.php(606): CodeIgniter\Database\BaseConnection->simpleQuery('INSERT INTO `iiee` (`cod_modular`, `cod_local`, `nombre`, `nivel`, `gestion`, `direccion`, `centro_poblado`, `area_geografica`, `id_provincia`, `id_distrito`, `id_ugel`, `fecha_registro`) VALUES (\'6666666\', \'\', \'sasaas\', \'\', \'\', \'\', \'\', \'\', \'\', \'\', \'\', \'2023-06-14 16:46:00\')')
 4 SYSTEMPATH\Database\BaseBuilder.php(2309): CodeIgniter\Database\BaseConnection->query('INSERT INTO `iiee` (`cod_modular`, `cod_local`, `nombre`, `nivel`, `gestion`, `direccion`, `centro_poblado`, `area_geografica`, `id_provincia`, `id_distrito`, `id_ugel`, `fecha_registro`) VALUES (:cod_modular:, :cod_local:, :nombre:, :nivel:, :gestion:, :direccion:, :centro_poblado:, :area_geografica:, :id_provincia:, :id_distrito:, :id_ugel:, :fecha_registro:)', [...], false)
 5 SYSTEMPATH\Model.php(330): CodeIgniter\Database\BaseBuilder->insert()
 6 SYSTEMPATH\BaseModel.php(782): CodeIgniter\Model->doInsert([...])
 7 SYSTEMPATH\Model.php(730): CodeIgniter\BaseModel->insert([...], true)
 8 APPPATH\Controllers\IieeController.php(58): CodeIgniter\Model->insert([...])
 9 SYSTEMPATH\CodeIgniter.php(934): App\Controllers\IieeController->registrar()
10 SYSTEMPATH\CodeIgniter.php(499): CodeIgniter\CodeIgniter->runController(Object(App\Controllers\IieeController))
11 SYSTEMPATH\CodeIgniter.php(368): CodeIgniter\CodeIgniter->handleRequest(null, Object(Config\Cache), false)
12 FCPATH\index.php(67): CodeIgniter\CodeIgniter->run()
ERROR - 2023-06-14 16:46:49 --> mysqli_sql_exception: Duplicate entry '6666666' for key 'PRIMARY' in C:\xampp\htdocs\siera\vendor\codeigniter4\framework\system\Database\MySQLi\Connection.php:295
Stack trace:
#0 C:\xampp\htdocs\siera\vendor\codeigniter4\framework\system\Database\MySQLi\Connection.php(295): mysqli->query('INSERT INTO `ii...', 0)
#1 C:\xampp\htdocs\siera\vendor\codeigniter4\framework\system\Database\BaseConnection.php(692): CodeIgniter\Database\MySQLi\Connection->execute('INSERT INTO `ii...')
#2 C:\xampp\htdocs\siera\vendor\codeigniter4\framework\system\Database\BaseConnection.php(606): CodeIgniter\Database\BaseConnection->simpleQuery('INSERT INTO `ii...')
#3 C:\xampp\htdocs\siera\vendor\codeigniter4\framework\system\Database\BaseBuilder.php(2309): CodeIgniter\Database\BaseConnection->query('INSERT INTO `ii...', Array, false)
#4 C:\xampp\htdocs\siera\vendor\codeigniter4\framework\system\Model.php(330): CodeIgniter\Database\BaseBuilder->insert()
#5 C:\xampp\htdocs\siera\vendor\codeigniter4\framework\system\BaseModel.php(782): CodeIgniter\Model->doInsert(Array)
#6 C:\xampp\htdocs\siera\vendor\codeigniter4\framework\system\Model.php(730): CodeIgniter\BaseModel->insert(Array, true)
#7 C:\xampp\htdocs\siera\app\Controllers\IieeController.php(59): CodeIgniter\Model->insert(Array)
#8 C:\xampp\htdocs\siera\vendor\codeigniter4\framework\system\CodeIgniter.php(934): App\Controllers\IieeController->registrar()
#9 C:\xampp\htdocs\siera\vendor\codeigniter4\framework\system\CodeIgniter.php(499): CodeIgniter\CodeIgniter->runController(Object(App\Controllers\IieeController))
#10 C:\xampp\htdocs\siera\vendor\codeigniter4\framework\system\CodeIgniter.php(368): CodeIgniter\CodeIgniter->handleRequest(NULL, Object(Config\Cache), false)
#11 C:\xampp\htdocs\siera\public\index.php(67): CodeIgniter\CodeIgniter->run()
#12 {main}
CRITICAL - 2023-06-14 16:46:49 --> Duplicate entry '6666666' for key 'PRIMARY'
in SYSTEMPATH\Database\MySQLi\Connection.php on line 295.
 1 SYSTEMPATH\Database\MySQLi\Connection.php(295): mysqli->query('INSERT INTO `iiee` (`cod_modular`, `cod_local`, `nombre`, `nivel`, `gestion`, `direccion`, `centro_poblado`, `area_geografica`, `id_provincia`, `id_distrito`, `id_ugel`, `fecha_registro`) VALUES (\'6666666\', \'\', \'sasaas\', \'\', \'\', \'\', \'\', \'\', \'\', \'\', \'\', \'2023-06-14 16:46:49\')', 0)
 2 SYSTEMPATH\Database\BaseConnection.php(692): CodeIgniter\Database\MySQLi\Connection->execute('INSERT INTO `iiee` (`cod_modular`, `cod_local`, `nombre`, `nivel`, `gestion`, `direccion`, `centro_poblado`, `area_geografica`, `id_provincia`, `id_distrito`, `id_ugel`, `fecha_registro`) VALUES (\'6666666\', \'\', \'sasaas\', \'\', \'\', \'\', \'\', \'\', \'\', \'\', \'\', \'2023-06-14 16:46:49\')')
 3 SYSTEMPATH\Database\BaseConnection.php(606): CodeIgniter\Database\BaseConnection->simpleQuery('INSERT INTO `iiee` (`cod_modular`, `cod_local`, `nombre`, `nivel`, `gestion`, `direccion`, `centro_poblado`, `area_geografica`, `id_provincia`, `id_distrito`, `id_ugel`, `fecha_registro`) VALUES (\'6666666\', \'\', \'sasaas\', \'\', \'\', \'\', \'\', \'\', \'\', \'\', \'\', \'2023-06-14 16:46:49\')')
 4 SYSTEMPATH\Database\BaseBuilder.php(2309): CodeIgniter\Database\BaseConnection->query('INSERT INTO `iiee` (`cod_modular`, `cod_local`, `nombre`, `nivel`, `gestion`, `direccion`, `centro_poblado`, `area_geografica`, `id_provincia`, `id_distrito`, `id_ugel`, `fecha_registro`) VALUES (:cod_modular:, :cod_local:, :nombre:, :nivel:, :gestion:, :direccion:, :centro_poblado:, :area_geografica:, :id_provincia:, :id_distrito:, :id_ugel:, :fecha_registro:)', [...], false)
 5 SYSTEMPATH\Model.php(330): CodeIgniter\Database\BaseBuilder->insert()
 6 SYSTEMPATH\BaseModel.php(782): CodeIgniter\Model->doInsert([...])
 7 SYSTEMPATH\Model.php(730): CodeIgniter\BaseModel->insert([...], true)
 8 APPPATH\Controllers\IieeController.php(59): CodeIgniter\Model->insert([...])
 9 SYSTEMPATH\CodeIgniter.php(934): App\Controllers\IieeController->registrar()
10 SYSTEMPATH\CodeIgniter.php(499): CodeIgniter\CodeIgniter->runController(Object(App\Controllers\IieeController))
11 SYSTEMPATH\CodeIgniter.php(368): CodeIgniter\CodeIgniter->handleRequest(null, Object(Config\Cache), false)
12 FCPATH\index.php(67): CodeIgniter\CodeIgniter->run()
ERROR - 2023-06-14 16:47:11 --> mysqli_sql_exception: Duplicate entry '6666666' for key 'PRIMARY' in C:\xampp\htdocs\siera\vendor\codeigniter4\framework\system\Database\MySQLi\Connection.php:295
Stack trace:
#0 C:\xampp\htdocs\siera\vendor\codeigniter4\framework\system\Database\MySQLi\Connection.php(295): mysqli->query('INSERT INTO `ii...', 0)
#1 C:\xampp\htdocs\siera\vendor\codeigniter4\framework\system\Database\BaseConnection.php(692): CodeIgniter\Database\MySQLi\Connection->execute('INSERT INTO `ii...')
#2 C:\xampp\htdocs\siera\vendor\codeigniter4\framework\system\Database\BaseConnection.php(606): CodeIgniter\Database\BaseConnection->simpleQuery('INSERT INTO `ii...')
#3 C:\xampp\htdocs\siera\vendor\codeigniter4\framework\system\Database\BaseBuilder.php(2309): CodeIgniter\Database\BaseConnection->query('INSERT INTO `ii...', Array, false)
#4 C:\xampp\htdocs\siera\vendor\codeigniter4\framework\system\Model.php(330): CodeIgniter\Database\BaseBuilder->insert()
#5 C:\xampp\htdocs\siera\vendor\codeigniter4\framework\system\BaseModel.php(782): CodeIgniter\Model->doInsert(Array)
#6 C:\xampp\htdocs\siera\vendor\codeigniter4\framework\system\Model.php(730): CodeIgniter\BaseModel->insert(Array, true)
#7 C:\xampp\htdocs\siera\app\Controllers\IieeController.php(59): CodeIgniter\Model->insert(Array)
#8 C:\xampp\htdocs\siera\vendor\codeigniter4\framework\system\CodeIgniter.php(934): App\Controllers\IieeController->registrar()
#9 C:\xampp\htdocs\siera\vendor\codeigniter4\framework\system\CodeIgniter.php(499): CodeIgniter\CodeIgniter->runController(Object(App\Controllers\IieeController))
#10 C:\xampp\htdocs\siera\vendor\codeigniter4\framework\system\CodeIgniter.php(368): CodeIgniter\CodeIgniter->handleRequest(NULL, Object(Config\Cache), false)
#11 C:\xampp\htdocs\siera\public\index.php(67): CodeIgniter\CodeIgniter->run()
#12 {main}
CRITICAL - 2023-06-14 16:47:11 --> Duplicate entry '6666666' for key 'PRIMARY'
in SYSTEMPATH\Database\MySQLi\Connection.php on line 295.
 1 SYSTEMPATH\Database\MySQLi\Connection.php(295): mysqli->query('INSERT INTO `iiee` (`cod_modular`, `cod_local`, `nombre`, `nivel`, `gestion`, `direccion`, `centro_poblado`, `area_geografica`, `id_provincia`, `id_distrito`, `id_ugel`, `fecha_registro`) VALUES (\'6666666\', \'\', \'sasaas\', \'\', \'\', \'\', \'\', \'\', \'\', \'\', \'\', \'2023-06-14 16:47:11\')', 0)
 2 SYSTEMPATH\Database\BaseConnection.php(692): CodeIgniter\Database\MySQLi\Connection->execute('INSERT INTO `iiee` (`cod_modular`, `cod_local`, `nombre`, `nivel`, `gestion`, `direccion`, `centro_poblado`, `area_geografica`, `id_provincia`, `id_distrito`, `id_ugel`, `fecha_registro`) VALUES (\'6666666\', \'\', \'sasaas\', \'\', \'\', \'\', \'\', \'\', \'\', \'\', \'\', \'2023-06-14 16:47:11\')')
 3 SYSTEMPATH\Database\BaseConnection.php(606): CodeIgniter\Database\BaseConnection->simpleQuery('INSERT INTO `iiee` (`cod_modular`, `cod_local`, `nombre`, `nivel`, `gestion`, `direccion`, `centro_poblado`, `area_geografica`, `id_provincia`, `id_distrito`, `id_ugel`, `fecha_registro`) VALUES (\'6666666\', \'\', \'sasaas\', \'\', \'\', \'\', \'\', \'\', \'\', \'\', \'\', \'2023-06-14 16:47:11\')')
 4 SYSTEMPATH\Database\BaseBuilder.php(2309): CodeIgniter\Database\BaseConnection->query('INSERT INTO `iiee` (`cod_modular`, `cod_local`, `nombre`, `nivel`, `gestion`, `direccion`, `centro_poblado`, `area_geografica`, `id_provincia`, `id_distrito`, `id_ugel`, `fecha_registro`) VALUES (:cod_modular:, :cod_local:, :nombre:, :nivel:, :gestion:, :direccion:, :centro_poblado:, :area_geografica:, :id_provincia:, :id_distrito:, :id_ugel:, :fecha_registro:)', [...], false)
 5 SYSTEMPATH\Model.php(330): CodeIgniter\Database\BaseBuilder->insert()
 6 SYSTEMPATH\BaseModel.php(782): CodeIgniter\Model->doInsert([...])
 7 SYSTEMPATH\Model.php(730): CodeIgniter\BaseModel->insert([...], true)
 8 APPPATH\Controllers\IieeController.php(59): CodeIgniter\Model->insert([...])
 9 SYSTEMPATH\CodeIgniter.php(934): App\Controllers\IieeController->registrar()
10 SYSTEMPATH\CodeIgniter.php(499): CodeIgniter\CodeIgniter->runController(Object(App\Controllers\IieeController))
11 SYSTEMPATH\CodeIgniter.php(368): CodeIgniter\CodeIgniter->handleRequest(null, Object(Config\Cache), false)
12 FCPATH\index.php(67): CodeIgniter\CodeIgniter->run()
ERROR - 2023-06-14 16:47:44 --> mysqli_sql_exception: Duplicate entry '6666666' for key 'PRIMARY' in C:\xampp\htdocs\siera\vendor\codeigniter4\framework\system\Database\MySQLi\Connection.php:295
Stack trace:
#0 C:\xampp\htdocs\siera\vendor\codeigniter4\framework\system\Database\MySQLi\Connection.php(295): mysqli->query('INSERT INTO `ii...', 0)
#1 C:\xampp\htdocs\siera\vendor\codeigniter4\framework\system\Database\BaseConnection.php(692): CodeIgniter\Database\MySQLi\Connection->execute('INSERT INTO `ii...')
#2 C:\xampp\htdocs\siera\vendor\codeigniter4\framework\system\Database\BaseConnection.php(606): CodeIgniter\Database\BaseConnection->simpleQuery('INSERT INTO `ii...')
#3 C:\xampp\htdocs\siera\vendor\codeigniter4\framework\system\Database\BaseBuilder.php(2309): CodeIgniter\Database\BaseConnection->query('INSERT INTO `ii...', Array, false)
#4 C:\xampp\htdocs\siera\vendor\codeigniter4\framework\system\Model.php(330): CodeIgniter\Database\BaseBuilder->insert()
#5 C:\xampp\htdocs\siera\vendor\codeigniter4\framework\system\BaseModel.php(782): CodeIgniter\Model->doInsert(Array)
#6 C:\xampp\htdocs\siera\vendor\codeigniter4\framework\system\Model.php(730): CodeIgniter\BaseModel->insert(Array, true)
#7 C:\xampp\htdocs\siera\app\Controllers\IieeController.php(59): CodeIgniter\Model->insert(Array)
#8 C:\xampp\htdocs\siera\vendor\codeigniter4\framework\system\CodeIgniter.php(934): App\Controllers\IieeController->registrar()
#9 C:\xampp\htdocs\siera\vendor\codeigniter4\framework\system\CodeIgniter.php(499): CodeIgniter\CodeIgniter->runController(Object(App\Controllers\IieeController))
#10 C:\xampp\htdocs\siera\vendor\codeigniter4\framework\system\CodeIgniter.php(368): CodeIgniter\CodeIgniter->handleRequest(NULL, Object(Config\Cache), false)
#11 C:\xampp\htdocs\siera\public\index.php(67): CodeIgniter\CodeIgniter->run()
#12 {main}
CRITICAL - 2023-06-14 16:47:44 --> Duplicate entry '6666666' for key 'PRIMARY'
in SYSTEMPATH\Database\MySQLi\Connection.php on line 295.
 1 SYSTEMPATH\Database\MySQLi\Connection.php(295): mysqli->query('INSERT INTO `iiee` (`cod_modular`, `cod_local`, `nombre`, `nivel`, `gestion`, `direccion`, `centro_poblado`, `area_geografica`, `id_provincia`, `id_distrito`, `id_ugel`, `fecha_registro`) VALUES (\'6666666\', \'\', \'sasaas\', \'\', \'\', \'\', \'\', \'\', \'\', \'\', \'\', \'2023-06-14 16:47:44\')', 0)
 2 SYSTEMPATH\Database\BaseConnection.php(692): CodeIgniter\Database\MySQLi\Connection->execute('INSERT INTO `iiee` (`cod_modular`, `cod_local`, `nombre`, `nivel`, `gestion`, `direccion`, `centro_poblado`, `area_geografica`, `id_provincia`, `id_distrito`, `id_ugel`, `fecha_registro`) VALUES (\'6666666\', \'\', \'sasaas\', \'\', \'\', \'\', \'\', \'\', \'\', \'\', \'\', \'2023-06-14 16:47:44\')')
 3 SYSTEMPATH\Database\BaseConnection.php(606): CodeIgniter\Database\BaseConnection->simpleQuery('INSERT INTO `iiee` (`cod_modular`, `cod_local`, `nombre`, `nivel`, `gestion`, `direccion`, `centro_poblado`, `area_geografica`, `id_provincia`, `id_distrito`, `id_ugel`, `fecha_registro`) VALUES (\'6666666\', \'\', \'sasaas\', \'\', \'\', \'\', \'\', \'\', \'\', \'\', \'\', \'2023-06-14 16:47:44\')')
 4 SYSTEMPATH\Database\BaseBuilder.php(2309): CodeIgniter\Database\BaseConnection->query('INSERT INTO `iiee` (`cod_modular`, `cod_local`, `nombre`, `nivel`, `gestion`, `direccion`, `centro_poblado`, `area_geografica`, `id_provincia`, `id_distrito`, `id_ugel`, `fecha_registro`) VALUES (:cod_modular:, :cod_local:, :nombre:, :nivel:, :gestion:, :direccion:, :centro_poblado:, :area_geografica:, :id_provincia:, :id_distrito:, :id_ugel:, :fecha_registro:)', [...], false)
 5 SYSTEMPATH\Model.php(330): CodeIgniter\Database\BaseBuilder->insert()
 6 SYSTEMPATH\BaseModel.php(782): CodeIgniter\Model->doInsert([...])
 7 SYSTEMPATH\Model.php(730): CodeIgniter\BaseModel->insert([...], true)
 8 APPPATH\Controllers\IieeController.php(59): CodeIgniter\Model->insert([...])
 9 SYSTEMPATH\CodeIgniter.php(934): App\Controllers\IieeController->registrar()
10 SYSTEMPATH\CodeIgniter.php(499): CodeIgniter\CodeIgniter->runController(Object(App\Controllers\IieeController))
11 SYSTEMPATH\CodeIgniter.php(368): CodeIgniter\CodeIgniter->handleRequest(null, Object(Config\Cache), false)
12 FCPATH\index.php(67): CodeIgniter\CodeIgniter->run()
ERROR - 2023-06-14 16:47:49 --> mysqli_sql_exception: Duplicate entry '6666666' for key 'PRIMARY' in C:\xampp\htdocs\siera\vendor\codeigniter4\framework\system\Database\MySQLi\Connection.php:295
Stack trace:
#0 C:\xampp\htdocs\siera\vendor\codeigniter4\framework\system\Database\MySQLi\Connection.php(295): mysqli->query('INSERT INTO `ii...', 0)
#1 C:\xampp\htdocs\siera\vendor\codeigniter4\framework\system\Database\BaseConnection.php(692): CodeIgniter\Database\MySQLi\Connection->execute('INSERT INTO `ii...')
#2 C:\xampp\htdocs\siera\vendor\codeigniter4\framework\system\Database\BaseConnection.php(606): CodeIgniter\Database\BaseConnection->simpleQuery('INSERT INTO `ii...')
#3 C:\xampp\htdocs\siera\vendor\codeigniter4\framework\system\Database\BaseBuilder.php(2309): CodeIgniter\Database\BaseConnection->query('INSERT INTO `ii...', Array, false)
#4 C:\xampp\htdocs\siera\vendor\codeigniter4\framework\system\Model.php(330): CodeIgniter\Database\BaseBuilder->insert()
#5 C:\xampp\htdocs\siera\vendor\codeigniter4\framework\system\BaseModel.php(782): CodeIgniter\Model->doInsert(Array)
#6 C:\xampp\htdocs\siera\vendor\codeigniter4\framework\system\Model.php(730): CodeIgniter\BaseModel->insert(Array, true)
#7 C:\xampp\htdocs\siera\app\Controllers\IieeController.php(59): CodeIgniter\Model->insert(Array)
#8 C:\xampp\htdocs\siera\vendor\codeigniter4\framework\system\CodeIgniter.php(934): App\Controllers\IieeController->registrar()
#9 C:\xampp\htdocs\siera\vendor\codeigniter4\framework\system\CodeIgniter.php(499): CodeIgniter\CodeIgniter->runController(Object(App\Controllers\IieeController))
#10 C:\xampp\htdocs\siera\vendor\codeigniter4\framework\system\CodeIgniter.php(368): CodeIgniter\CodeIgniter->handleRequest(NULL, Object(Config\Cache), false)
#11 C:\xampp\htdocs\siera\public\index.php(67): CodeIgniter\CodeIgniter->run()
#12 {main}
CRITICAL - 2023-06-14 16:47:49 --> Duplicate entry '6666666' for key 'PRIMARY'
in SYSTEMPATH\Database\MySQLi\Connection.php on line 295.
 1 SYSTEMPATH\Database\MySQLi\Connection.php(295): mysqli->query('INSERT INTO `iiee` (`cod_modular`, `cod_local`, `nombre`, `nivel`, `gestion`, `direccion`, `centro_poblado`, `area_geografica`, `id_provincia`, `id_distrito`, `id_ugel`, `fecha_registro`) VALUES (\'6666666\', \'\', \'sasaas\', \'\', \'\', \'\', \'\', \'\', \'\', \'\', \'\', \'2023-06-14 16:47:49\')', 0)
 2 SYSTEMPATH\Database\BaseConnection.php(692): CodeIgniter\Database\MySQLi\Connection->execute('INSERT INTO `iiee` (`cod_modular`, `cod_local`, `nombre`, `nivel`, `gestion`, `direccion`, `centro_poblado`, `area_geografica`, `id_provincia`, `id_distrito`, `id_ugel`, `fecha_registro`) VALUES (\'6666666\', \'\', \'sasaas\', \'\', \'\', \'\', \'\', \'\', \'\', \'\', \'\', \'2023-06-14 16:47:49\')')
 3 SYSTEMPATH\Database\BaseConnection.php(606): CodeIgniter\Database\BaseConnection->simpleQuery('INSERT INTO `iiee` (`cod_modular`, `cod_local`, `nombre`, `nivel`, `gestion`, `direccion`, `centro_poblado`, `area_geografica`, `id_provincia`, `id_distrito`, `id_ugel`, `fecha_registro`) VALUES (\'6666666\', \'\', \'sasaas\', \'\', \'\', \'\', \'\', \'\', \'\', \'\', \'\', \'2023-06-14 16:47:49\')')
 4 SYSTEMPATH\Database\BaseBuilder.php(2309): CodeIgniter\Database\BaseConnection->query('INSERT INTO `iiee` (`cod_modular`, `cod_local`, `nombre`, `nivel`, `gestion`, `direccion`, `centro_poblado`, `area_geografica`, `id_provincia`, `id_distrito`, `id_ugel`, `fecha_registro`) VALUES (:cod_modular:, :cod_local:, :nombre:, :nivel:, :gestion:, :direccion:, :centro_poblado:, :area_geografica:, :id_provincia:, :id_distrito:, :id_ugel:, :fecha_registro:)', [...], false)
 5 SYSTEMPATH\Model.php(330): CodeIgniter\Database\BaseBuilder->insert()
 6 SYSTEMPATH\BaseModel.php(782): CodeIgniter\Model->doInsert([...])
 7 SYSTEMPATH\Model.php(730): CodeIgniter\BaseModel->insert([...], true)
 8 APPPATH\Controllers\IieeController.php(59): CodeIgniter\Model->insert([...])
 9 SYSTEMPATH\CodeIgniter.php(934): App\Controllers\IieeController->registrar()
10 SYSTEMPATH\CodeIgniter.php(499): CodeIgniter\CodeIgniter->runController(Object(App\Controllers\IieeController))
11 SYSTEMPATH\CodeIgniter.php(368): CodeIgniter\CodeIgniter->handleRequest(null, Object(Config\Cache), false)
12 FCPATH\index.php(67): CodeIgniter\CodeIgniter->run()
ERROR - 2023-06-14 16:51:24 --> mysqli_sql_exception: Duplicate entry '6666666' for key 'PRIMARY' in C:\xampp\htdocs\siera\vendor\codeigniter4\framework\system\Database\MySQLi\Connection.php:295
Stack trace:
#0 C:\xampp\htdocs\siera\vendor\codeigniter4\framework\system\Database\MySQLi\Connection.php(295): mysqli->query('INSERT INTO `ii...', 0)
#1 C:\xampp\htdocs\siera\vendor\codeigniter4\framework\system\Database\BaseConnection.php(692): CodeIgniter\Database\MySQLi\Connection->execute('INSERT INTO `ii...')
#2 C:\xampp\htdocs\siera\vendor\codeigniter4\framework\system\Database\BaseConnection.php(606): CodeIgniter\Database\BaseConnection->simpleQuery('INSERT INTO `ii...')
#3 C:\xampp\htdocs\siera\vendor\codeigniter4\framework\system\Database\BaseBuilder.php(2309): CodeIgniter\Database\BaseConnection->query('INSERT INTO `ii...', Array, false)
#4 C:\xampp\htdocs\siera\vendor\codeigniter4\framework\system\Model.php(330): CodeIgniter\Database\BaseBuilder->insert()
#5 C:\xampp\htdocs\siera\vendor\codeigniter4\framework\system\BaseModel.php(782): CodeIgniter\Model->doInsert(Array)
#6 C:\xampp\htdocs\siera\vendor\codeigniter4\framework\system\Model.php(730): CodeIgniter\BaseModel->insert(Array, true)
#7 C:\xampp\htdocs\siera\app\Controllers\IieeController.php(61): CodeIgniter\Model->insert(Array)
#8 C:\xampp\htdocs\siera\vendor\codeigniter4\framework\system\CodeIgniter.php(934): App\Controllers\IieeController->registrar()
#9 C:\xampp\htdocs\siera\vendor\codeigniter4\framework\system\CodeIgniter.php(499): CodeIgniter\CodeIgniter->runController(Object(App\Controllers\IieeController))
#10 C:\xampp\htdocs\siera\vendor\codeigniter4\framework\system\CodeIgniter.php(368): CodeIgniter\CodeIgniter->handleRequest(NULL, Object(Config\Cache), false)
#11 C:\xampp\htdocs\siera\public\index.php(67): CodeIgniter\CodeIgniter->run()
#12 {main}
CRITICAL - 2023-06-14 16:51:24 --> Duplicate entry '6666666' for key 'PRIMARY'
in SYSTEMPATH\Database\MySQLi\Connection.php on line 295.
 1 SYSTEMPATH\Database\MySQLi\Connection.php(295): mysqli->query('INSERT INTO `iiee` (`cod_modular`, `cod_local`, `nombre`, `nivel`, `gestion`, `direccion`, `centro_poblado`, `area_geografica`, `id_provincia`, `id_distrito`, `id_ugel`, `fecha_registro`) VALUES (\'6666666\', \'\', \'sasaas\', \'\', \'\', \'\', \'\', \'\', \'\', \'\', \'\', \'2023-06-14 16:51:24\')', 0)
 2 SYSTEMPATH\Database\BaseConnection.php(692): CodeIgniter\Database\MySQLi\Connection->execute('INSERT INTO `iiee` (`cod_modular`, `cod_local`, `nombre`, `nivel`, `gestion`, `direccion`, `centro_poblado`, `area_geografica`, `id_provincia`, `id_distrito`, `id_ugel`, `fecha_registro`) VALUES (\'6666666\', \'\', \'sasaas\', \'\', \'\', \'\', \'\', \'\', \'\', \'\', \'\', \'2023-06-14 16:51:24\')')
 3 SYSTEMPATH\Database\BaseConnection.php(606): CodeIgniter\Database\BaseConnection->simpleQuery('INSERT INTO `iiee` (`cod_modular`, `cod_local`, `nombre`, `nivel`, `gestion`, `direccion`, `centro_poblado`, `area_geografica`, `id_provincia`, `id_distrito`, `id_ugel`, `fecha_registro`) VALUES (\'6666666\', \'\', \'sasaas\', \'\', \'\', \'\', \'\', \'\', \'\', \'\', \'\', \'2023-06-14 16:51:24\')')
 4 SYSTEMPATH\Database\BaseBuilder.php(2309): CodeIgniter\Database\BaseConnection->query('INSERT INTO `iiee` (`cod_modular`, `cod_local`, `nombre`, `nivel`, `gestion`, `direccion`, `centro_poblado`, `area_geografica`, `id_provincia`, `id_distrito`, `id_ugel`, `fecha_registro`) VALUES (:cod_modular:, :cod_local:, :nombre:, :nivel:, :gestion:, :direccion:, :centro_poblado:, :area_geografica:, :id_provincia:, :id_distrito:, :id_ugel:, :fecha_registro:)', [...], false)
 5 SYSTEMPATH\Model.php(330): CodeIgniter\Database\BaseBuilder->insert()
 6 SYSTEMPATH\BaseModel.php(782): CodeIgniter\Model->doInsert([...])
 7 SYSTEMPATH\Model.php(730): CodeIgniter\BaseModel->insert([...], true)
 8 APPPATH\Controllers\IieeController.php(61): CodeIgniter\Model->insert([...])
 9 SYSTEMPATH\CodeIgniter.php(934): App\Controllers\IieeController->registrar()
10 SYSTEMPATH\CodeIgniter.php(499): CodeIgniter\CodeIgniter->runController(Object(App\Controllers\IieeController))
11 SYSTEMPATH\CodeIgniter.php(368): CodeIgniter\CodeIgniter->handleRequest(null, Object(Config\Cache), false)
12 FCPATH\index.php(67): CodeIgniter\CodeIgniter->run()
ERROR - 2023-06-14 16:54:28 --> mysqli_sql_exception: Duplicate entry '6666666' for key 'PRIMARY' in C:\xampp\htdocs\siera\vendor\codeigniter4\framework\system\Database\MySQLi\Connection.php:295
Stack trace:
#0 C:\xampp\htdocs\siera\vendor\codeigniter4\framework\system\Database\MySQLi\Connection.php(295): mysqli->query('INSERT INTO `ii...', 0)
#1 C:\xampp\htdocs\siera\vendor\codeigniter4\framework\system\Database\BaseConnection.php(692): CodeIgniter\Database\MySQLi\Connection->execute('INSERT INTO `ii...')
#2 C:\xampp\htdocs\siera\vendor\codeigniter4\framework\system\Database\BaseConnection.php(606): CodeIgniter\Database\BaseConnection->simpleQuery('INSERT INTO `ii...')
#3 C:\xampp\htdocs\siera\vendor\codeigniter4\framework\system\Database\BaseBuilder.php(2309): CodeIgniter\Database\BaseConnection->query('INSERT INTO `ii...', Array, false)
#4 C:\xampp\htdocs\siera\vendor\codeigniter4\framework\system\Model.php(330): CodeIgniter\Database\BaseBuilder->insert()
#5 C:\xampp\htdocs\siera\vendor\codeigniter4\framework\system\BaseModel.php(782): CodeIgniter\Model->doInsert(Array)
#6 C:\xampp\htdocs\siera\vendor\codeigniter4\framework\system\Model.php(730): CodeIgniter\BaseModel->insert(Array, true)
#7 C:\xampp\htdocs\siera\app\Controllers\IieeController.php(76): CodeIgniter\Model->insert(Array)
#8 C:\xampp\htdocs\siera\vendor\codeigniter4\framework\system\CodeIgniter.php(934): App\Controllers\IieeController->registrar()
#9 C:\xampp\htdocs\siera\vendor\codeigniter4\framework\system\CodeIgniter.php(499): CodeIgniter\CodeIgniter->runController(Object(App\Controllers\IieeController))
#10 C:\xampp\htdocs\siera\vendor\codeigniter4\framework\system\CodeIgniter.php(368): CodeIgniter\CodeIgniter->handleRequest(NULL, Object(Config\Cache), false)
#11 C:\xampp\htdocs\siera\public\index.php(67): CodeIgniter\CodeIgniter->run()
#12 {main}
CRITICAL - 2023-06-14 16:54:28 --> Duplicate entry '6666666' for key 'PRIMARY'
in SYSTEMPATH\Database\MySQLi\Connection.php on line 295.
 1 SYSTEMPATH\Database\MySQLi\Connection.php(295): mysqli->query('INSERT INTO `iiee` (`cod_modular`, `cod_local`, `nombre`, `nivel`, `gestion`, `direccion`, `centro_poblado`, `area_geografica`, `id_provincia`, `id_distrito`, `id_ugel`, `fecha_registro`) VALUES (\'6666666\', \'\', \'qqqqqqqqqqqqq\', \'\', \'\', \'\', \'\', \'\', \'\', \'\', \'\', \'2023-06-14 16:54:28\')', 0)
 2 SYSTEMPATH\Database\BaseConnection.php(692): CodeIgniter\Database\MySQLi\Connection->execute('INSERT INTO `iiee` (`cod_modular`, `cod_local`, `nombre`, `nivel`, `gestion`, `direccion`, `centro_poblado`, `area_geografica`, `id_provincia`, `id_distrito`, `id_ugel`, `fecha_registro`) VALUES (\'6666666\', \'\', \'qqqqqqqqqqqqq\', \'\', \'\', \'\', \'\', \'\', \'\', \'\', \'\', \'2023-06-14 16:54:28\')')
 3 SYSTEMPATH\Database\BaseConnection.php(606): CodeIgniter\Database\BaseConnection->simpleQuery('INSERT INTO `iiee` (`cod_modular`, `cod_local`, `nombre`, `nivel`, `gestion`, `direccion`, `centro_poblado`, `area_geografica`, `id_provincia`, `id_distrito`, `id_ugel`, `fecha_registro`) VALUES (\'6666666\', \'\', \'qqqqqqqqqqqqq\', \'\', \'\', \'\', \'\', \'\', \'\', \'\', \'\', \'2023-06-14 16:54:28\')')
 4 SYSTEMPATH\Database\BaseBuilder.php(2309): CodeIgniter\Database\BaseConnection->query('INSERT INTO `iiee` (`cod_modular`, `cod_local`, `nombre`, `nivel`, `gestion`, `direccion`, `centro_poblado`, `area_geografica`, `id_provincia`, `id_distrito`, `id_ugel`, `fecha_registro`) VALUES (:cod_modular:, :cod_local:, :nombre:, :nivel:, :gestion:, :direccion:, :centro_poblado:, :area_geografica:, :id_provincia:, :id_distrito:, :id_ugel:, :fecha_registro:)', [...], false)
 5 SYSTEMPATH\Model.php(330): CodeIgniter\Database\BaseBuilder->insert()
 6 SYSTEMPATH\BaseModel.php(782): CodeIgniter\Model->doInsert([...])
 7 SYSTEMPATH\Model.php(730): CodeIgniter\BaseModel->insert([...], true)
 8 APPPATH\Controllers\IieeController.php(76): CodeIgniter\Model->insert([...])
 9 SYSTEMPATH\CodeIgniter.php(934): App\Controllers\IieeController->registrar()
10 SYSTEMPATH\CodeIgniter.php(499): CodeIgniter\CodeIgniter->runController(Object(App\Controllers\IieeController))
11 SYSTEMPATH\CodeIgniter.php(368): CodeIgniter\CodeIgniter->handleRequest(null, Object(Config\Cache), false)
12 FCPATH\index.php(67): CodeIgniter\CodeIgniter->run()
ERROR - 2023-06-14 16:55:18 --> mysqli_sql_exception: Duplicate entry '6666666' for key 'PRIMARY' in C:\xampp\htdocs\siera\vendor\codeigniter4\framework\system\Database\MySQLi\Connection.php:295
Stack trace:
#0 C:\xampp\htdocs\siera\vendor\codeigniter4\framework\system\Database\MySQLi\Connection.php(295): mysqli->query('INSERT INTO `ii...', 0)
#1 C:\xampp\htdocs\siera\vendor\codeigniter4\framework\system\Database\BaseConnection.php(692): CodeIgniter\Database\MySQLi\Connection->execute('INSERT INTO `ii...')
#2 C:\xampp\htdocs\siera\vendor\codeigniter4\framework\system\Database\BaseConnection.php(606): CodeIgniter\Database\BaseConnection->simpleQuery('INSERT INTO `ii...')
#3 C:\xampp\htdocs\siera\vendor\codeigniter4\framework\system\Database\BaseBuilder.php(2309): CodeIgniter\Database\BaseConnection->query('INSERT INTO `ii...', Array, false)
#4 C:\xampp\htdocs\siera\vendor\codeigniter4\framework\system\Model.php(330): CodeIgniter\Database\BaseBuilder->insert()
#5 C:\xampp\htdocs\siera\vendor\codeigniter4\framework\system\BaseModel.php(782): CodeIgniter\Model->doInsert(Array)
#6 C:\xampp\htdocs\siera\vendor\codeigniter4\framework\system\Model.php(730): CodeIgniter\BaseModel->insert(Array, true)
#7 C:\xampp\htdocs\siera\app\Controllers\IieeController.php(76): CodeIgniter\Model->insert(Array)
#8 C:\xampp\htdocs\siera\vendor\codeigniter4\framework\system\CodeIgniter.php(934): App\Controllers\IieeController->registrar()
#9 C:\xampp\htdocs\siera\vendor\codeigniter4\framework\system\CodeIgniter.php(499): CodeIgniter\CodeIgniter->runController(Object(App\Controllers\IieeController))
#10 C:\xampp\htdocs\siera\vendor\codeigniter4\framework\system\CodeIgniter.php(368): CodeIgniter\CodeIgniter->handleRequest(NULL, Object(Config\Cache), false)
#11 C:\xampp\htdocs\siera\public\index.php(67): CodeIgniter\CodeIgniter->run()
#12 {main}
CRITICAL - 2023-06-14 16:55:18 --> Duplicate entry '6666666' for key 'PRIMARY'
in SYSTEMPATH\Database\MySQLi\Connection.php on line 295.
 1 SYSTEMPATH\Database\MySQLi\Connection.php(295): mysqli->query('INSERT INTO `iiee` (`cod_modular`, `cod_local`, `nombre`, `nivel`, `gestion`, `direccion`, `centro_poblado`, `area_geografica`, `id_provincia`, `id_distrito`, `id_ugel`, `fecha_registro`) VALUES (\'6666666\', \'\', \'qqqqqqqqqqqqq\', \'\', \'\', \'\', \'\', \'\', \'\', \'\', \'\', \'2023-06-14 16:55:18\')', 0)
 2 SYSTEMPATH\Database\BaseConnection.php(692): CodeIgniter\Database\MySQLi\Connection->execute('INSERT INTO `iiee` (`cod_modular`, `cod_local`, `nombre`, `nivel`, `gestion`, `direccion`, `centro_poblado`, `area_geografica`, `id_provincia`, `id_distrito`, `id_ugel`, `fecha_registro`) VALUES (\'6666666\', \'\', \'qqqqqqqqqqqqq\', \'\', \'\', \'\', \'\', \'\', \'\', \'\', \'\', \'2023-06-14 16:55:18\')')
 3 SYSTEMPATH\Database\BaseConnection.php(606): CodeIgniter\Database\BaseConnection->simpleQuery('INSERT INTO `iiee` (`cod_modular`, `cod_local`, `nombre`, `nivel`, `gestion`, `direccion`, `centro_poblado`, `area_geografica`, `id_provincia`, `id_distrito`, `id_ugel`, `fecha_registro`) VALUES (\'6666666\', \'\', \'qqqqqqqqqqqqq\', \'\', \'\', \'\', \'\', \'\', \'\', \'\', \'\', \'2023-06-14 16:55:18\')')
 4 SYSTEMPATH\Database\BaseBuilder.php(2309): CodeIgniter\Database\BaseConnection->query('INSERT INTO `iiee` (`cod_modular`, `cod_local`, `nombre`, `nivel`, `gestion`, `direccion`, `centro_poblado`, `area_geografica`, `id_provincia`, `id_distrito`, `id_ugel`, `fecha_registro`) VALUES (:cod_modular:, :cod_local:, :nombre:, :nivel:, :gestion:, :direccion:, :centro_poblado:, :area_geografica:, :id_provincia:, :id_distrito:, :id_ugel:, :fecha_registro:)', [...], false)
 5 SYSTEMPATH\Model.php(330): CodeIgniter\Database\BaseBuilder->insert()
 6 SYSTEMPATH\BaseModel.php(782): CodeIgniter\Model->doInsert([...])
 7 SYSTEMPATH\Model.php(730): CodeIgniter\BaseModel->insert([...], true)
 8 APPPATH\Controllers\IieeController.php(76): CodeIgniter\Model->insert([...])
 9 SYSTEMPATH\CodeIgniter.php(934): App\Controllers\IieeController->registrar()
10 SYSTEMPATH\CodeIgniter.php(499): CodeIgniter\CodeIgniter->runController(Object(App\Controllers\IieeController))
11 SYSTEMPATH\CodeIgniter.php(368): CodeIgniter\CodeIgniter->handleRequest(null, Object(Config\Cache), false)
12 FCPATH\index.php(67): CodeIgniter\CodeIgniter->run()
ERROR - 2023-06-14 16:58:18 --> mysqli_sql_exception: Duplicate entry '6666666' for key 'PRIMARY' in C:\xampp\htdocs\siera\vendor\codeigniter4\framework\system\Database\MySQLi\Connection.php:295
Stack trace:
#0 C:\xampp\htdocs\siera\vendor\codeigniter4\framework\system\Database\MySQLi\Connection.php(295): mysqli->query('INSERT INTO `ii...', 0)
#1 C:\xampp\htdocs\siera\vendor\codeigniter4\framework\system\Database\BaseConnection.php(692): CodeIgniter\Database\MySQLi\Connection->execute('INSERT INTO `ii...')
#2 C:\xampp\htdocs\siera\vendor\codeigniter4\framework\system\Database\BaseConnection.php(606): CodeIgniter\Database\BaseConnection->simpleQuery('INSERT INTO `ii...')
#3 C:\xampp\htdocs\siera\vendor\codeigniter4\framework\system\Database\BaseBuilder.php(2309): CodeIgniter\Database\BaseConnection->query('INSERT INTO `ii...', Array, false)
#4 C:\xampp\htdocs\siera\vendor\codeigniter4\framework\system\Model.php(330): CodeIgniter\Database\BaseBuilder->insert()
#5 C:\xampp\htdocs\siera\vendor\codeigniter4\framework\system\BaseModel.php(782): CodeIgniter\Model->doInsert(Array)
#6 C:\xampp\htdocs\siera\vendor\codeigniter4\framework\system\Model.php(730): CodeIgniter\BaseModel->insert(Array, true)
#7 C:\xampp\htdocs\siera\app\Controllers\IieeController.php(76): CodeIgniter\Model->insert(Array)
#8 C:\xampp\htdocs\siera\vendor\codeigniter4\framework\system\CodeIgniter.php(934): App\Controllers\IieeController->registrar()
#9 C:\xampp\htdocs\siera\vendor\codeigniter4\framework\system\CodeIgniter.php(499): CodeIgniter\CodeIgniter->runController(Object(App\Controllers\IieeController))
#10 C:\xampp\htdocs\siera\vendor\codeigniter4\framework\system\CodeIgniter.php(368): CodeIgniter\CodeIgniter->handleRequest(NULL, Object(Config\Cache), false)
#11 C:\xampp\htdocs\siera\public\index.php(67): CodeIgniter\CodeIgniter->run()
#12 {main}
CRITICAL - 2023-06-14 16:58:18 --> Duplicate entry '6666666' for key 'PRIMARY'
in SYSTEMPATH\Database\MySQLi\Connection.php on line 295.
 1 SYSTEMPATH\Database\MySQLi\Connection.php(295): mysqli->query('INSERT INTO `iiee` (`cod_modular`, `cod_local`, `nombre`, `nivel`, `gestion`, `direccion`, `centro_poblado`, `area_geografica`, `id_provincia`, `id_distrito`, `id_ugel`, `fecha_registro`) VALUES (\'6666666\', \'\', \'qqqqqqqqqqqqq\', \'\', \'\', \'\', \'\', \'\', \'\', \'\', \'\', \'2023-06-14 16:58:18\')', 0)
 2 SYSTEMPATH\Database\BaseConnection.php(692): CodeIgniter\Database\MySQLi\Connection->execute('INSERT INTO `iiee` (`cod_modular`, `cod_local`, `nombre`, `nivel`, `gestion`, `direccion`, `centro_poblado`, `area_geografica`, `id_provincia`, `id_distrito`, `id_ugel`, `fecha_registro`) VALUES (\'6666666\', \'\', \'qqqqqqqqqqqqq\', \'\', \'\', \'\', \'\', \'\', \'\', \'\', \'\', \'2023-06-14 16:58:18\')')
 3 SYSTEMPATH\Database\BaseConnection.php(606): CodeIgniter\Database\BaseConnection->simpleQuery('INSERT INTO `iiee` (`cod_modular`, `cod_local`, `nombre`, `nivel`, `gestion`, `direccion`, `centro_poblado`, `area_geografica`, `id_provincia`, `id_distrito`, `id_ugel`, `fecha_registro`) VALUES (\'6666666\', \'\', \'qqqqqqqqqqqqq\', \'\', \'\', \'\', \'\', \'\', \'\', \'\', \'\', \'2023-06-14 16:58:18\')')
 4 SYSTEMPATH\Database\BaseBuilder.php(2309): CodeIgniter\Database\BaseConnection->query('INSERT INTO `iiee` (`cod_modular`, `cod_local`, `nombre`, `nivel`, `gestion`, `direccion`, `centro_poblado`, `area_geografica`, `id_provincia`, `id_distrito`, `id_ugel`, `fecha_registro`) VALUES (:cod_modular:, :cod_local:, :nombre:, :nivel:, :gestion:, :direccion:, :centro_poblado:, :area_geografica:, :id_provincia:, :id_distrito:, :id_ugel:, :fecha_registro:)', [...], false)
 5 SYSTEMPATH\Model.php(330): CodeIgniter\Database\BaseBuilder->insert()
 6 SYSTEMPATH\BaseModel.php(782): CodeIgniter\Model->doInsert([...])
 7 SYSTEMPATH\Model.php(730): CodeIgniter\BaseModel->insert([...], true)
 8 APPPATH\Controllers\IieeController.php(76): CodeIgniter\Model->insert([...])
 9 SYSTEMPATH\CodeIgniter.php(934): App\Controllers\IieeController->registrar()
10 SYSTEMPATH\CodeIgniter.php(499): CodeIgniter\CodeIgniter->runController(Object(App\Controllers\IieeController))
11 SYSTEMPATH\CodeIgniter.php(368): CodeIgniter\CodeIgniter->handleRequest(null, Object(Config\Cache), false)
12 FCPATH\index.php(67): CodeIgniter\CodeIgniter->run()
